-1.0493338397896066
-1.027738921835066
-1.0438355536783752
-1.0205248929351978
-0.9721292683780677
-1.0307956258138622
-1.005830479117622
-1.0454628877767842
-1.0012130789526523
-1.0590849000076512
-0.9694901056849483
-1.0069748408892876
-1.0028761803250936
-1.0361996057649332
-1.042887490617133
-1.0360052401997075
-1.0501138303941513
-1.018044214931842
-1.0506110402918316
-1.0148708367218067
-1.0192081610233807
-0.9915593772871378
-1.0048100436234546
-1.0815440754082002
-1.0328831782723071
-1.0147079489446869
-1.0212142413093694
-1.012961133238598
-1.028036321824655
-1.0814954577375024
-1.0102780964899165
-1.0274166003973852
-0.9891634415408859
-1.0376013634780168
-1.041863628133361
-1.0870164634778319
-1.053820489909356
-1.0357979100914416
-1.0786988278416825
-0.9372458758136283
-0.9952747194890772
-0.9883729527637329
-1.0051512898472001
-0.9703354896798536
-0.9948311191144926
-1.0360049291274986
-1.0396498859021244
-0.9736343554581509
-1.038908420478835
-0.9924809449732621
-1.0219139822848362
-1.0127073647566294
-1.0244738338777233
-1.0139050036867847
-1.0415872967403241
-1.0585343597439871
-1.04173380005077
-1.0314061403725752
-1.0507823056869734
-1.0407830792311965
-0.7782646654005156
-1.0288817214007677
-0.9876034541228129
-1.0103912675397257
-0.9749111030466735
-1.038054781762077
-1.01095825698351
-0.9170685150827322
-0.9798247860659989
-1.0559679877161423
-1.0543817841616883
-1.0264299768690817
-1.0219913374356244
-1.0265868399815785
-0.9766863410023304
-1.0352112652587881
-1.0197915199172143
-0.9891473767702494
-1.0530760788870983
-0.9845727000741623
-1.0759574792563016
-1.0168133570271478
-1.0148512526670967
-1.0536666645955637
-1.063453248487249
-1.062925620760915
-1.0230836418438813
-1.0292217582795522
-1.0299367287799592
-1.0198443226917906
-0.9395361059217293
-0.9520625357513501
-0.9437357823399328
-1.0050994452299797
-0.9691811973547492
-0.9956252759637343
-1.0268191040960786
-0.9985435220331265
-0.997152063988124
-1.0420740428781934
-0.9822666310006767
-1.0200684688150852
-1.0108141405129467
-0.9356486374332698
-0.9593868636686759
-1.0493513468729194
-0.9279782118340587
-0.9765872646369866
-0.9994380478146043
-1.0601022145096173
-1.0119806951846213
-1.023188320251925
-1.0100599386778226
-1.0522830903140545
-1.0268786969143462
-1.0017325145219078
-0.9995480212301638
-1.023361741350505
-1.0462937505060954
-1.038670070717172
-0.953125372912408
-0.870132114839675
-1.0608279283869653
-1.0238053185300071
-1.0401713329432765
-1.0218919201893593
-0.9784296688042756
-0.9197710920650718
-1.0333364910829714
-1.0371189843350725
-1.0490637211671114
-1.0227721862805592
-1.0688356953589966
-1.0259753588757896
-1.0117240128617975
-1.0675504260614201
-1.0714028670154252
-1.07771861769903
-1.0600959709780857
-1.036277173146786
-1.010475629055919
-1.0290233640249271
-1.0634524131756264
-1.030574963836777
-1.0183372459643572
-1.0161623296894537
-1.0239948186013406
-1.0484909062834156
-1.0334880755114644
-1.0535982171505152
-1.096349009369936
-0.9940394574726846
-1.0538555647261116
-1.0297504031268563
-1.0563072645807998
-1.08075000952513
-1.1000146960766308
-1.0657683883143436
-1.0731613353022704
-1.053359704488423
-1.0363022676595137
-1.0272570865505357
-1.0303039875629205
-1.0639422176147109
-1.0540200506933726
-1.0218754717968346
-1.103646053146133
-0.9722521802564411
-0.9459957625912478
-1.028435308696918
-0.9917443540608382
-1.0167344435707477
-1.0519300348573983
-0.9620896327641002
-1.0358887984244454
-1.100369768216007
-1.0832400281286416
-0.8098866966265296
-1.0287848958638832
-1.0386373370594704
-0.9128676224647168
-1.0608835720114622
-0.9285947977527562
-1.0443071984013246
-1.0631766115192287
-1.051058229034096
-1.0551594617204483
-1.0768615054337087
-1.0545369410387504
-1.0422463331500535
-1.0199958539029232
-1.0189797001341607
-1.068435452527198
-1.006044996984198
-1.0769382280056843
-1.0325689512247846
-1.0103860905123732
-0.839571825771933
-1.0329066067656134
-1.0457707930225437
-1.027926432868234
-1.0449160208121393
-1.0955258719014995
-1.0072501601538337
-0.9822653806011726
-1.013948932329296
-1.0177898977653994
-1.0903663617805335
-1.0748246621224924
-1.0100722395870463
-1.0422045756512406
-1.0583156933685967
-1.0249190461836124
-1.0281865590688835
-1.0396617034096494
-1.0699675597683593
-0.9928583596457068
-0.9332599191821389
-1.0901312848751035
-1.042469527283795
-1.0109708488922853
-1.0103068909640085
-1.026884246052877
-0.7934952262470881
-1.0538986209996626
-0.9788949236187418
-0.9996688309182714
-0.9569409170899689
-1.0229011059416595
-1.0229011059416595
-1.0433739228209764
-1.0644846945351318
-1.0905631809693679
-1.042970810132263
-1.0669617048813937
-1.0518273650713597
-1.0398066020065246
-1.020615728181552
-0.978332155201504
-1.0624418536295963
-1.0093544140375377
-1.0173354707216857
-0.9627132847656541
-1.0080488213787562
-1.043765469596114
-1.0934523208539004
-1.0821457741079148
-1.0435085150605081
-1.0669406547876354
-1.0724316786050618
-1.0208489015933986
-1.011828637641667
-1.0121142212262983
-1.0329668146598534
-1.0546949864190514
-1.0245619471075207
-0.9991259776404335
-1.02973152437599
-1.0037764156309106
-1.0573666681172853
-1.0575891445688286
-1.016987846180486
-1.0529622869047977
-1.0290384901844543
-1.0280912263554942
-1.0571137523256224
-1.015155627718565
-0.9778200534607746
-1.0477153198422238
-1.0402893467749093
-1.0415915536110654
-1.0207682997242444
-1.0290204251303585
-1.0162440151185266
-0.9923897948918116
-1.0708736129165892
-1.0276343425237187
-1.0354832640887395
-1.0004226346509881
-1.0117389157320442
-0.9804706526972796
-1.0280795685111639
-1.1025887502478038
-1.0261260934963485
-1.0414395877302174
-1.0754477406946463
-0.9969628928707625
-0.9828650789457671
-1.0127603472048579
-1.0592081620565867
-1.0648570513524418
-1.0537428055628293
-1.0837709619240692
-1.0499005415549991
-0.9701566138447365
-1.016038229712398
-1.0697866549777773
-1.0334260157557018
-1.060531140744398
-1.0378573709942198
-1.0461277600076948
-1.0553094832590657
-1.0356533713911067
-1.0596053416194788
-1.063125063833664
-1.013856925984049
-0.9736974397642674
-1.015287170784139
-1.0609951767311467
-0.9681151133164231
-1.074117622538799
-1.0542710311298311
-0.9232384965171085
-1.0444098265949235
-1.0681876328789102
-1.0076915859843711
-1.0652619189817765
-1.0114233751305313
-1.0472432209204359
-1.0380604534886597
-1.0511351117768275
-1.0101741475800488
-1.069611795605436
-1.049044861530398
-1.0123246935094525
-1.0740212758891228
-1.027608994570635
-1.089180342300076
-1.0510761172627818
-1.0254961787111432
-0.9745392484905323
-1.1008685588353644
-1.0737811225819271
-1.0783421011377092
-1.0676882433778887
-1.1015217215301936
-1.0648123794784174
-1.0747585198970633
-1.051749929058913
-1.0721960057303606
-0.9695576261454375
-1.0141211343795107
-0.9963705592200132
-1.044776605278276
-1.0268008193536844
-1.0177618208600814
-1.0705206036394248
-1.1039349572971235
-1.0483068425309328
-1.0718485274611336
-1.0740514914387072
-1.0977249031604353
-0.999937331432011
-1.0436247695773342
-1.0275561833995552
-1.0033689132602968
-1.1053226444868023
-1.047907153910137
-1.056470841556156
-1.0160680415894912
-1.0616545684686405
-1.0569152324788593
-1.0098729585239932
-1.0320200436584723
-1.0668658858390534
-1.0394366465816298
-1.0250611540986296
-1.0367495302660412
-1.0054030344543028
-1.015906836935348
-0.9848171257796231
-1.0373457347867254
-1.029105259063273
-1.020559586756727
-1.0268613398754791
-1.0154877389895667
-0.9768639195613156
-1.09311538181058
-1.0469506675256892
-1.041360279609778
-1.0657942666006452
-1.0611355248017214
-1.0465385580650168
-1.0519613725699601
-1.0764980839408298
-1.0674799902021719
-1.0435496917909302
-0.997570654676907
-1.0308849915808644
-1.0314772545130033
-1.0094410016713327
-1.0492926763439794
-1.1026156005056673
-1.0075880008049354
-1.0357135987984853
-1.0142115447323798
-1.0877434490965392
-1.0620919856698077
-1.1003392875275502
-1.0398987440212375
-1.0415372068362603
-1.0586283342511287
-1.0594923998551309
-1.0287085064974175
-1.038288008889878
-1.0696124926956039
-1.0644081091810826
-1.0812004220864941
-0.988613191478284
-1.0226257222533142
-1.000540598075804
-1.040723729112924
-1.0598884689761552
-1.0593467836073898
-1.0389580147905624
-0.997538087364867
-1.0386598632742032
-1.0341424073056578
-1.0207680968021304
-1.0240979931324548
-1.0163360907416366
-1.0375753184626086
-1.052235185857331
-0.9768623866345341
-1.0468559882274313
-1.013064201245226
-1.0192311086753998
-1.0766040020987284
-1.038182402450262
-1.0155150953905436
-1.0498827631738616
-1.0382045857197462
-1.0353596356021109
-0.9604874297353407
-0.9497512443388882
-1.0767347672331455
-1.0345475948831893
-1.0506575852647977
-0.9721840189350363
-0.9754414303154502
-0.9788995212430519
-0.9864584602597466
-1.0389398293809475
-1.0938186361121458
-1.0323872219211616
-0.9139375307515878
-1.0534809273235237
-0.9996201580195297
-0.974046751144818
-0.9831542473362578
-1.0353824646064487
-1.0229176837521519
-1.0428338204673495
-1.0131148079609091
-1.074467070454944
-0.9842473423648277
-1.0659569153576198
-1.0190313481337012
-1.0209418414846452
-0.9675036654039364
-1.0235179632954088
-1.0476699674744938
-1.0190079507635674
-0.995031999053958
-1.0458379380729312
-1.01190519786438
-1.0356937446183379
-1.034872141037766
-1.012084036198845
-1.0036606593507278
-0.9921678578239682
-1.0028925078561381
-0.9798742978562761
-0.9928105790672944
-1.0108359563606197
-1.02247390272573
-0.9990059516219211
-0.9868258831177926
-1.0396491170506101
-1.0550428391425595
-0.9933564863957981
-1.0526686131879621
-1.0821544906372398
-1.0752708948975254
-1.009106076296964
-1.0232532060484005
-1.0046094418358584
-1.0362506732706775
-1.0628895701311452
-1.0320366166491222
-1.0446109084805868
-1.0629497386963307
-1.0120438430785592
-1.0279621453969798
-1.054242708700325
-1.0547291540604498
-1.0554888782124352
-1.0269351822208352
-1.0742565300651865
-0.9863053017081009
-1.0432069401842379
-1.0268350412112102
-1.0399243713783406
-1.0849607546142646
-1.0271184525254582
-1.1275056303832507
-1.0034453732535185
-0.9447044482377471
-0.9667871062315264
-0.9957694962962484
-1.0620074286649976
-1.0393531031288306
-1.013583211127456
-1.0264393430248493
-1.0516135952399588
-1.0327668416289748
-1.0896027017379821
-1.0409006632936133
-1.0111650203608007
-0.9737686483915906
-1.00851228491656
-1.037738995278516
-1.0701557987014374
-1.070080848534312
-1.045062985915084
-1.0441088971321126
-1.0458101590223694
-1.006097810629237
-1.0524867735236731
-1.0457061892564092
-1.0870974509113354
-1.0241337674575681
-1.0695739681164964
-0.9321038904757206
-0.9752982556745328
-1.0251612048850829
-0.9768665055155874
-0.9710635919431586
-0.9842582735137453
-1.0084992735439147
-0.9617954390030704
-0.9500241049886509
-0.9833696110678272
-0.9786642109151075
-0.8995279800731618
-1.0261730759626118
-0.9611506566085943
-1.081363209375156
-1.042564769797288
-1.029682256213083
-1.0576416200226868
-1.0868867574181102
-1.0730364422000256
-1.0072634960834392
-1.050118353133401
-1.0453283511230524
-1.0461062958792051
-1.0521946243693283
-1.016761459039503
-1.0437119002102748
-0.9161315968337437
-0.995457116385868
-1.0794312445317669
-1.0328614824732618
-1.074931160090729
-1.1021356653753887
-1.11049214904869
-1.073408183455685
-1.0208186521978817
-1.0389762769615565
-1.0479753144194448
-1.0452770984885074
-1.0438243894592247
-1.0118845023434802
-1.032973415990814
-1.0413604591214507
-1.0082414686764205
-1.0160263932956806
-1.0515915243422105
-1.1237789383433427
-1.0399641281454675
-0.9555900112529712
-1.0581149046938765
-1.0754115240541213
-1.0605027166128576
-1.0759283229041985
-1.0436789796868224
-0.9214522367570765
-1.0113384422891945
-1.0248030620536503
-1.0099955476648086
-0.9507687042513767
-1.0307960757005974
-1.0315799196348614
-0.981708647567696
-1.0559906624833482
-1.0117887640973622
-1.0745080483295593
-1.0319889558015616
-1.0714427041461274
-1.0413534318659274
-1.055241585449441
-1.0697873324365643
-1.0567212022433756
-1.017861062569352
-1.0892541949365633
-0.9948061377196515
-1.083416173131269
-1.0304245986677234
-1.037859313198876
-1.0572977083864465
-1.0611440227364586
-1.0515727587094321
-1.0901557733789324
-1.0644474038929763
-1.0659899397584183
-0.990068161796566
-1.1104524661860027
-1.006943161729579
-1.0821533071097715
-1.0799937015197763
-1.0573946769290672
-1.0566968423873297
-0.9847273802264698
-1.0525225928942468
-1.0010693049569452
-1.1173029900540388
-1.0411558043504323
-0.9997483464689793
-1.0758810027479293
-1.0457163306709818
-1.062493144888017
-1.0274846789043846
-1.0177221935464402
-0.9839783410685591
-1.0152098237737897
-1.0224369675228289
-1.0497907215012872
-0.9975884617927491
-1.0493481862922485
-1.0653307710504891
-1.0181967857785623
-1.0276934829211193
-1.0656933333803713
-1.0464646006027412
-1.0713385009639917
-1.043740369523983
-0.9963402874599803
-1.0725300916013643
-1.1375475861077537
-1.0201587690994187
-1.0061093840213
-1.048029022977493
-1.0155593504861287
-1.0071315923460435
-1.0377315698632072
-1.016084117021043
-1.0833831997529493
-1.05093961669527
-1.0474162370874027
-1.0828619541954991
-1.0799208148904709
-0.9868452018970001
-1.024329993009705
-1.0036695518532097
-1.039674825664181
-1.0382502406385004
-1.0326162170935596
-1.022683692226559
-1.049487097597813
-1.0868038202900987
-1.065420107169783
-1.0762275435478892
-1.0773637820553987
-0.938014867773616
-1.0326166955152336
-1.030575870582354
-1.0357725399667033
-1.0004063026032899
-1.02032103260159
-0.9938497310328664
-1.0388646112922126
-0.946203384330315
-0.9997879766721371
-1.070478767539902
-0.9262633601513581
-1.0488451687575013
-0.9999155727202678
-1.0349546354510775
-0.9954918952335836
-1.004427071108294
-1.03299559929654
-0.9804568399080911
-1.0684636070419204
-1.004596639345705
-1.0359226908887402
-1.0650743207616193
-1.0363074564366843
-0.9502125589597443
-1.0056614434158568
-1.0177576610050056
-1.10035619176552
-1.051847538062424
-0.9752336267520512
-1.0696480277364884
-0.9759293088224654
-1.0443627746314585
-1.034031554891544
-0.9932925011786
-0.9594611740792793
-0.9986313047553228
-0.9628333402751081
-1.0586886145691343
-0.955523135009788
-1.043405670081964
-1.0271438386140304
-1.0068283116168195
-1.0023739408116201
-1.002128073908156
-0.9023198257282622
-1.0089737682757076
-1.02546790259587
-1.0435028645624014
-1.0383337431145025
-1.0214972425902866
-0.9626699604922401
-1.0001264749418113
-1.0050291814194436
-1.0365178223956175
-0.9662621561317832
-0.9793504602913334
-1.037026588683132
-1.0409008385548846
-1.0760613942220567
-1.0284039303033479
-1.0069193858442704
-1.0470206983579402
-1.0008314336709843
-1.0318884133798818
-1.033854138801348
-1.0163254656608003
-1.0524439183612677
-1.024699167705255
-1.0218789601613896
-1.0359536886502956
-1.0932259649234637
-1.0011257171923158
-0.9903598847942175
-0.991110560969422
-0.978813256823671
-0.975032607872641
-1.039184743142992
-0.9896996021018328
-0.9513578962414776
-0.9913234417005342
-0.9700227100368606
-1.062302341553088
-1.0810891454298521
-1.0465755930939937
-1.014687521322795
-1.0395739660495997
-0.9805644470925818
-1.0554857331104648
-1.0890543598469664
-1.0448467876704512
-0.9891029698001731
-1.0348860470056649
-1.0769914344250573
-0.9540825857497058
-0.9895081785490323
-1.051453285366374
-1.107728822740584
-1.0449003382025182
-1.0724703631477432
-1.0651557218636583
-1.0430875590340318
-1.0651169663569828
-1.0870043383026977
-1.0315213891657729
-1.091749936791314
-1.0392117619227519
-1.0224060462111302
-1.0379974078036613
-1.0299709349526474
-1.0342028249974495
-1.0407173324803232
-1.0697359144815133
-1.0551892047184013
-1.0769467461108653
-1.011553763324945
-1.0547460056583815
-1.0661104715491692
-1.0470187462860814
-1.0260225783727628
-1.0543079705909977
-1.0402156882214144
-1.0392823167855767
-1.081820763202896
-0.9956914872142247
-1.0652707501816276
-1.0804769537933743
-1.0444153199061599
-0.9895784397213937
-1.0629640028340543
-1.067315216574189
-0.9879040682622784
-1.0447733504051204
-0.9689755784913455
-0.9562452899426075
-1.015770964509683
-1.070446569603797
-1.0112466482901776
-1.069383802981267
-0.9790880644261402
-1.009053383391383
-1.0265481240385355
-1.1258857460843439
-1.0498703443233495
-1.0955049191140978
-1.0830365087752587
-1.0126977071675216
-1.0232436164664902
-1.0388989215800815
-1.10593541608644
-1.0624352788324904
-0.9979609990200062
-1.0459812953535612
-1.0374939220696553
-1.0699443210023347
-1.048607128483018
-1.0677002633570107
-1.0505054492725339
-1.0331275162471039
-1.0154196922793117
-1.045498478893482
-1.02059209835743
-1.0531007912628592
-1.0674208084417727
-1.0157476026245622
-1.0049400966281241
-0.9723009893844635
-1.0677201845885085
-0.915912925242092
-1.0045699385811706
-1.0391437771865784
-1.0057634274163034
-1.00964878275518
-0.9750206441313133
-1.021155687701588
-1.0804933348370143
-1.0485484911610086
-1.0317328595838298
-0.9899112317588185
-1.0758143769936983
-0.9941459139548777
-1.0404276569796354
-1.0279732417617213
-1.0591791766796848
-1.036835573392905
-1.021499096407151
-1.0233394917013605
-1.0339636566332788
-1.0371259747999035
-0.9521410910392478
-1.0468690109311223
-1.0236042917215422
-1.0455518484820363
-1.0349202301814264
-1.0137247396692546
-1.0199534004724686
-1.0712380973460984
-0.9934672651454153
-0.9518342557483422
-1.014749253806707
-1.0535854389149697
-1.0146722662754895
-0.9949427051652001
-1.0187593786223368
-1.1090387401183863
-1.010860119819657
-1.0689152518980254
-1.0433208303757362
-1.0554172182176627
-1.045619003987532
-0.9861521826061448
-1.0503262957536532
-1.0057060876786634
-1.0205780007804317
-1.0096666024728982
-0.983209997570573
-1.0068823298390963
-1.031861729803981
-1.0556919448838262
-1.0289123435263023
-1.006636864605606
-1.070527701654161
-1.070527701654161
-1.0443666226688113
-1.0346788471446495
-1.05551474524698
-1.0735026307806654
-1.0570185572228232
-0.9853479124585001
-0.9576217703482912
-1.017938520477497
-1.0299428900963346
-1.0333811968998536
-1.0440532137773235
-1.0605692908181328
-1.0347814545514076
-1.0101057171766112
-1.01349324954598
-1.002601915894492
-1.0049564214261677
-0.9448996146816631
-1.0113163899671105
-0.9893668259718393
-1.0023714865563296
-1.0200270869517403
-1.0400894325567092
-0.944307042046554
-1.0168046228098528
-1.0273451107791969
-1.0433010777555527
-1.090449780924971
-1.0180461260360478
-1.0382849169800812
-1.0435728609248465
-1.0398424183569661
-1.0293264686671286
-1.0101105397800825
-0.8852937144107988
-1.0765489466529605
-1.0800319634416924
-1.0007287431607228
-1.0792672976418092
-1.0871888004708752
-1.0035080598659623
-1.0840478517339411
-1.0972707474675139
-1.0128171743672352
-1.0376096493988403
-1.0358023079565803
-1.0203788836846814
-1.085744252084235
-1.0639452188832905
-1.049398433577835
-1.0071307057695345
-1.0299126331175756
-1.0392405301173775
-1.0184764160641508
-1.0937218686726715
-1.0415031171729938
-1.0217932371265648
-1.0214078125649877
-0.9847901842862565
-1.0187882178547172
-1.0770028960190516
-1.0363449534098583
-1.1028727834719483
-1.0626103036659769
-1.0442839822665775
-1.0393756983536449
-1.1007416986744145
-0.948797973375475
-1.0674918826187136
-1.0957852421038694
-1.042259371000107
-1.0086995133875167
-0.9989323873044603
-1.0618829717022604
-1.0090523780666836
-1.0586283401026721
-1.019961094445004
-1.0565991317431744
-1.003474359236598
-1.035669010123392
-1.0675961817079864
-1.0173321650867768
-1.0378303117707053
-1.0534676161129544
-1.0139761762429709
-1.0764484091408577
-1.076006285724064
-1.0933777108709712
-1.0734935183702978
-1.0670662398115915
-1.0494360437065926
-1.0060627628617331
-0.9957836885006014
-1.004729475031262
-1.002654720909274
-0.9827506252829795
-1.061077851189196
-1.0541499990425813
-0.991755234324838
-0.9895806849404998
-1.0123021557492535
-1.078064500800537
-0.9981140299479376
-0.9589611973233401
-1.0179086465908247
-0.9893788895448701
-0.9629467635306973
-1.005911576184027
-0.9294929733163854
-1.0643498533889213
-1.0292509995275956
-0.9523942579135748
-1.0168744155782257
-1.0760561582511041
-1.0874356643477374
-1.0532468277427176
-1.0406553760692263
-1.0766914811910488
-1.1450809548988072
-1.065427000060304
-1.0657664636284334
-1.0627443701288846
-1.0095399589199205
-1.0323992474394275
-1.0512483740681318
-1.0167705756639607
-1.0741179519767243
-1.095924423850236
-1.0114467819045705
-1.0533895167281175
-1.0400254748918032
-1.0102183210749982
-1.0720200977400123
-1.0544855561563329
-1.0202286760885264
-1.026796515540873
-1.0269340269429277
-1.0187485047158842
-1.022637865045739
-1.0461845884471233
-1.0185111610037154
-0.9907659077844457
-1.0399864024022794
-1.0535734264881949
-1.0272077095831227
-1.044474216551019
-1.0803122631089077
-1.0867012288418376
-1.0153782549929198
-1.1012175999360905
-1.0188409998696524
-1.029867013126613
-0.9988606712930185
-1.0625708105888465
-1.0488484192673537
-1.0567138057030725
-1.033284269977637
-1.0171325370926787
-1.0301571900487652
-0.9931906958300957
-1.0518071711932644
-1.0233141161432306
-1.013214812395085
-0.9574428321721324
-1.063889353692595
-1.0175188706366918
-1.0466065789529506
-1.0524694108991965
-1.0873630054709416
-1.0346269013407055
-0.9953306261546709
-1.018425789492058
-0.9683104321653404
-1.036537046442199
-1.0804373155111604
-1.0101836527810286
-0.9760551654023231
-1.0018337887573119
-1.0640244451187009
-1.0396202093906894
-1.0437065990902537
-1.0090948911674813
-1.0262815486917596
-1.035615020472731
-1.006615545291173
-1.0216862826617161
-1.0090401763365295
-1.016691946753208
-1.0011869809064078
-1.021087439720019
-1.023943272446444
-1.0002033862024975
-1.048813027548866
-1.074589544964569
-1.0631898632833578
-1.0028543283915696
-1.0794258855801675
-1.0849632197222294
-1.072675200111243
-1.0522245082419401
-1.058530732403682
-1.0606444993423836
-1.0221672988865327
-1.027498707276405
-1.022807483995555
-0.9723696898244769
-1.05391027204651
-1.024696695706809
-1.047224506628455
-1.0342337648219688
-0.948497938126454
-0.9906051506581426
-1.0426239765572671
-1.0729149634409862
-1.0404303667008523
-0.9667032337897965
-1.056450681951793
-1.036439051909185
-1.0081719318126663
-1.0611457169937726
-1.0195505673194993
-0.980417458872903
-1.1267181109893412
-1.0647951169101888
-1.0566786367333165
-1.048483876129189
-0.9853815777924314
-1.0326514891510328
-0.9892414779873615
-1.0341543037559005
-1.0432899255476697
-0.9995485008478332
-1.0530376706865965
-1.0159761195501633
-1.0816841065207408
-1.0531288726940309
-1.0531288726940309
-1.0234233629863925
-0.9595629044115751
-1.0101658811069691
-1.0363744186550812
-1.0229874733761892
-1.0255944420116632
-1.0504531630375915
-1.0315624882538845
-1.0592578849716194
-1.0663816489454885
-1.0395549331263094
-1.0964563966018488
-0.9676913637135567
-1.0303096193545795
-1.060291202804624
-1.036922865882071
-1.0363123647849977
-1.0385778609784408
-1.0495256343644843
-1.0448827737108644
-1.0405752908973565
-1.0602445122328037
-1.1186476674263774
-1.0395764563018548
-1.0949075499061585
-1.073898720545433
-1.0610791428365534
-1.0168606759236032
-1.0051652536817386
-1.0686746324934526
-1.0292676069282185
-1.0814243273920279
-1.0169155437757684
-1.0814557779206075
-1.092804143753348
-1.0768326748044277
-1.0282704019820326
-1.0608869704053216
-1.0813195895127172
-1.0373707684610274
-1.0292900269795464
-1.0236548725484755
-1.060124669307765
-1.021353233516968
-1.064300586805496
-1.0019458868341293
-1.0274560340871481
-0.9662911047828783
-1.0165454615344989
-1.031389295993474
-1.0321381165956138
-1.046790988201485
-1.0562468093231407
-1.0646560824471487
-1.0499874452832922
-1.044253432055049
-1.0389625159517508
-1.092123741552594
-1.0054779965956935
-1.0723655758237327
-1.0435144850418294
-1.0482573075110955
-1.0371712782642535
-1.0402528643600082
-1.0511170834908967
-1.036999945777305
-1.0565841271673402
-1.047683498332498
-1.0308435623519725
-1.035981026051624
-1.0787589869902066
-1.0471848134727748
-1.0536192923720311
-1.0868960726531447
-1.0985233984814244
-1.0266845090638226
-1.0038408757610637
-1.0797606113217606
-1.0357737676014822
-0.9694316916244619
-1.0865650953201764
-0.9906190934516056
-1.0769561183434508
-1.073872600375858
-1.0609815699887004
-1.0442050236237903
-1.0276450027260955
-1.0113448375964216
-1.0516713148489416
-1.0713949330943677
-1.016142450679932
-0.9794531268451857
-0.9844431289162676
-1.0278403169080552
-1.0744006987376964
-1.067123084933229
-1.0281274744152187
-1.022709377756244
-0.9975134913223105
-0.9941674102875557
-1.0466397028000864
-1.0208015478176293
-1.0127675821411812
-1.0328415009505965
-1.0024177460852783
-1.032963048737844
-1.010112043673157
-1.053194546269213
-1.0773300006908948
-1.0356681247387676
-1.0677819121284393
-0.9901132716681472
-1.07671211883649
-1.0540196392171035
-1.0255588563100027
-1.0154012004690898
-1.0453790658987305
-1.0923920251565467
-1.084119325549326
-1.0567810103821722
-1.0186067484269925
-1.0749148651464617
-1.0116912749865956
-0.9882471455957641
-1.048421589593621
-1.0449283645698193
-1.0562659895642157
-1.0418417291808753
-0.9875343320151703
-1.0815904681332618
-1.0416436144983048
-1.031064184584307
-1.0507447902554279
-1.020103034680061
-1.0557593971305517
-1.0285969361060596
-1.0472269557747957
-1.0300865204481156
-1.0193960326787561
-1.0615627632611195
-1.0381486067216046
-1.0272630022580538
-0.9687395135955962
-1.0453044068851998
-0.9953475453249196
-1.0225207759086183
-0.9696424919259119
-1.0465327971396354
-1.0728973051588233
-1.0717017219276013
-1.0239359912598132
-1.0633872268199132
-1.008099983094806
-1.0851268829240546
-1.037622054225963
-1.0283219212878636
-1.0330596513828634
-1.039319059162759
-1.0363955245203333
-1.0092899370263573
-1.0840644165385385
-1.0449224565775905
-1.0196893000835028
-1.0272447323604266
-1.0331058841046297
-1.0761835380183276
-1.0703073003418946
-1.0078006963062143
-1.0271539020211018
-1.097931370841755
-1.0718806028890318
-1.0139739651445931
-1.0282228466721723
-0.9960459487262882
-1.0181316465365784
-1.0097218125307084
-1.0490416173887867
-1.0316758122187053
-0.9569796340769516
-0.9631020464070607
-1.021768323459102
-0.985410169752206
-1.0059657472747836
-0.9741856183254908
-1.034452542398478
-0.9811025171126423
-1.0348829572252254
-1.0056232923043682
-0.9670261574542243
-1.0502862011625886
-1.0088023245958717
-1.0074057124538802
-1.068259668219788
-1.022072772471592
-1.1124001542552673
-1.0569011693779933
-1.0327161461994976
-1.0378902284161882
-1.0548697830716733
-1.0598098472582627
-0.9827981517103144
-0.9849908311939404
-1.0541400689683535
-1.0584186948599743
-1.0880079812515442
-1.0570899601588153
-1.0204793303307305
-1.039946956292903
-1.0451065516983526
-1.0341191767701832
-0.9716040147085309
-1.0557062191971402
-1.0746054494950539
-1.030970318446143
-1.0811378801926566
-1.0294646695081346
-1.0028743174850894
-1.0809565768554923
-1.0345309450763618
-1.0165150998023622
-0.9774804827213351
-1.024453539881057
-1.0462771267020756
-1.0378744537962796
-1.0638948582697703
-0.986338115768288
-1.0652354549528376
-1.0092906178412018
-1.0159867657072374
-1.0212102262333762
-0.9900551209370693
-1.0742416246691944
-1.0263489913153228
-1.0207020223861631
-1.0128317135071252
-1.0614557231086315
-0.9783162778258988
-1.032927891640803
-0.9992105720879303
-0.9369301147172815
-1.0258215391755239
-1.0281349845322572
-0.9728373144578846
-1.053784087697046
-1.0359840172437476
-1.0378350036245365
-1.029737998409126
-1.0723844120319836
-1.074977271489702
-1.0532955780688984
-1.0326759829377068
-1.0234157977806366
-1.0481170105445499
-0.9943843309050433
-1.0361339280315849
-1.0092970228176006
-1.045626428403874
-1.0270974401436108
-1.0091135274535694
-1.0545763997392203
-1.0075200051721072
-1.0588431954596436
-1.0705077236143983
-1.079862607183494
-1.0737942062782762
-1.067416733892366
-1.0509439770166331
-1.1234373790021346
-1.0774130333105478
-1.0137462093029121
-1.0683232046710072
-1.04577283703729
-1.038388441624043
-1.0293190780666777
-1.0605909446326667
-1.0434631041964506
-1.0350009184947795
-0.9955761598322156
-1.0332763978677402
-0.9498599398936501
-1.0701003419260484
-1.0377781372294983
-1.0362191977294823
-1.0105465649999164
-1.0425891079648533
-0.9781181803417451
-1.0197831709298844
-1.0456669646410695
-1.0290216146678044
-1.0522328774635494
-1.066342859034948
-1.0107183392248502
-1.0510090421407867
-1.0685256676961343
-1.0634064084493429
-1.0340259561519882
-0.9968189485443316
-1.0113252739527572
-1.041049049679453
-1.0234789898005796
-1.0577934056076286
-1.0246863994731408
-1.0453119304384924
-1.0517432126741655
-1.0755104754543094
-1.0217759652325233
-0.9952339551588875
-0.9747742940388235
-1.0202659239667118
-1.057700964643843
-1.029428287252013
-0.9687117203400943
-1.0201900822417134
-1.04404156703132
-1.0473827021497022
-1.04123767156439
-1.040992079537233
-1.0404043496218196
-1.05909091598692
-1.034474523115911
-1.0274068874183075
-1.0083902117592762
-1.0402559937895974
-1.0837439672249074
-1.0429995668709766
-1.0169658192327122
-1.0225850252527389
-1.0303604107118942
-1.0407485211052858
-1.0388242321236665
-1.0741791872229893
-1.0197206664273315
-1.0598331288749026
-1.048157759169933
-0.9983922423400988
-1.0260635865079792
-1.0414974494375078
-1.0698880469867265
-1.0234644539589342
-1.0589585389919391
-1.0239647037581106
-1.0108420875857
-1.0463161969255892
-1.0363964227183882
-0.9442294684390771
-0.992218110884575
-0.9907628121336692
-1.0317051446252155
-1.0213678947948175
-1.0485632337212514
-1.049442195644311
-1.043463305617244
-1.0403811300844854
-1.0743199319896846
-1.0393835884828424
-1.0722522913844128
-1.0049815163507287
-1.0542224039439057
-0.9959007489223131
-1.0480564185454353
-1.0523678298232306
-1.0616912345389988
-1.0504341484964128
-1.1089807474299405
-1.06523656312525
-1.0341994338694003
-1.0187323163373496
-1.0069620048990668
-1.0451610047331736
-1.0064940171368257
-1.0618226032492983
-1.0003318544263182
-1.0610751444569404
-1.0638643423693783
-1.0115879938959764
-0.9987172720143993
-0.9793645428971743
-1.0204759322703034
-1.0083658896681458
-1.0097812263372634
-1.0466135872076516
-1.0597164206368732
-1.0303649047640613
-1.0422882448374322
-1.070677395311088
-1.0635288821786002
-1.0486790227668168
-1.087687934854135
-0.975502437892128
-0.9918777062259347
-1.0509337669395642
-1.0140419540043843
-1.0484675808470487
-1.0075173265571071
-0.9491115962376026
-1.056046835940451
-1.0020602050441885
-1.0535503336008347
-0.9458235023609713
-1.119247985017572
-1.0476877459801837
-1.0730903511365155
-1.0399583328616813
-0.975306523495246
-0.9326613085473009
-0.9970388367589751
-1.0132356182230566
-1.0004676257537626
-1.0264217280868433
-1.02026384025636
-1.043545302437263
-1.0210322132164618
-1.0036338189056904
-1.0815380960755705
-1.0650614220033612
-1.0075336674617281
-1.0271521989918997
-1.0487683212993337
-1.0441935261588828
-1.0692368047151373
-1.069039113534738
-1.0370435058227199
-1.0499049529899367
-1.055504079585197
-0.9509720484258455
-1.0754717708401373
-1.0263688121073482
-1.0159596545278538
-1.0211314516232655
-1.0030591101470012
-0.9704334079859714
-0.9081917639666899
-1.0399896908928399
-1.0464326409087015
-1.084865610738206
-1.0551486252020044
-1.0594538614138904
-1.0604175561206302
-0.9938035658432194
-1.029227271392523
-1.0509525210115447
-1.0027787958104786
-1.0528339335707706
-1.0682157885659997
-1.0601164925727806
-1.0655006601384995
-1.0842809480663924
-1.0180054070243751
-1.0341606398136094
-1.0341615551184464
-1.0348786140008959
-1.0667228604207613
-1.0680628752170938
-0.9819196629860545
-1.0521990701840627
-1.0700591046493
-1.0285154226207398
-1.0460138367845988
-1.044529292154738
-1.0564460878382607
-1.0478114504719795
-1.0694564625240535
-1.0058251686086432
-1.0429442852166693
-1.0700023892072603
-1.1283032468864118
-1.0128822769410384
-1.0068482145307214
-1.0545050572752674
-1.0963360562606805
-1.0687099954192019
-1.0585352266346877
-1.0674445272800517
-1.0943776354582988
-1.0622138319908623
-1.0070367891648149
-0.9552254207923379
-1.0584031942739274
-1.047980766021646
-1.0230742465448315
-1.0222927665255468
-0.9914659713294961
-1.0210340555322244
-1.0746005339541256
-1.0745055719101204
-1.0499208981789527
-1.001622858145712
-1.0109389962962383
-1.0447310622787866
-1.037148193938536
-1.0154118991183214
-1.0839439409781741
-1.003370555490521
-1.0502914523501736
-1.0567766589575454
-1.0568736362386129
-1.0622423993663572
-0.9669370181215741
-1.0542735392161462
-1.0538354069305629
-1.0300674044709441
-1.0689867329655833
-1.0642377230302165
-0.9859483984600761
-0.9632726383046999
-1.032095310530831
-1.0472566013673243
-1.055344001932681
-1.070799765771711
-1.0235114641806842
-0.9966710233314103
-1.0533349797862486
-1.0599728024209174
-1.0528401223032946
-1.065655197740865
-1.0106122570711333
-0.9848795443653783
-1.0608632782280574
-1.0267764645922965
-1.046907224486343
-1.0476308693720255
-1.0380815567424189
-1.0478934661652186
-1.0384855556374826
-1.0292937151992194
-1.0692069640335586
-1.051578576483259
-0.9918216059254966
-1.0054072942186854
-1.0737118762869213
-1.053453424129842
-1.0834583132455418
-1.0343851337665435
-1.030467653412349
-0.9613268552914479
-1.0508539083761876
-1.008043827109042
-0.9785999091942338
-1.0796823045309871
-0.9913429864150951
-1.0583413830033872
-1.0805825668881843
-1.0155652939530877
-0.9836137955403836
-1.0501247919980634
-0.9425425220591279
-1.0294563470084874
-1.0170659801005084
-0.990642734193239
-1.0044587977332609
-1.0456846050131714
-1.0216465338044718
-1.041391355991833
-0.9387145957272257
-1.0235997475406713
-1.010553861795588
-0.9962411760161125
-1.0189773735867673
-0.9669625273127413
-0.9533989953262711
-1.0511639174781502
-0.9963148390533096
-1.0305116898300923
-1.0547992682131744
-1.0057526067331102
