-1.0004449586509825
-1.0001028955874633
-1.0005187421671655
-1.00033626491282
-0.9991185963635806
-1.0005221149142765
-1.000450971984173
-1.0000401945869277
-1.0002079737717602
-1.0005184372471811
-1.0002594752543053
-1.0002790819771668
-1.0000517008627485
-1.0002021386263493
-1.0002401535624807
-1.0004521188287736
-1.0005283641546394
-1.0001541127544922
-1.0001576199461102
-1.000241601722971
-1.0006990570972034
-1.0003132574427385
-1.0004422238520663
-1.0003634663930197
-1.000367961242244
-1.0005627894294857
-1.0004050814516496
-1.0003403524639407
-1.0005376536365858
-1.0003287607745737
-1.0005511491653751
-1.0004009412733885
-1.0002005448942621
-1.000114257140815
-1.0004931017572174
-1.0004240502171364
-1.0005003272951312
-1.0000640460390902
-1.0003280637850827
-1.0006427380605492
-1.000390973373876
-1.0005148840518243
-1.000230874822511
-0.9995229358648696
-1.000321195847342
-1.000340516334321
-1.000227895639235
-1.0002486158173154
-1.0003285337358803
-1.0006539969470487
-1.0003706400392613
-1.0003702320553838
-0.9999766485527345
-1.0002852056610747
-1.000232299476163
-1.000291872621632
-1.0008656416014912
-1.0003733627209188
-1.0002385248117305
-0.9999911865401184
-1.0001324726813667
-1.000178676941534
-1.000151499616396
-1.0003165034684347
-1.0004998637591473
-1.0005205186699104
-1.0004511375912801
-1.0002884482077266
-1.0003177868543665
-1.0006491820917034
-1.0006152868841545
-1.000112254283467
-1.000264905888125
-1.0005054915713418
-1.0002680728839428
-1.0002977772907404
-1.0003698498175309
-1.000592009163448
-1.0005729007239723
-1.000110851546181
-1.0002660648568131
-1.0001648898324427
-1.0003080732599097
-1.00028139140971
-1.0004701542806136
-1.0005549390273283
-1.0003660700417516
-1.0001569511959896
-1.000425957386875
-1.0004043213667848
-1.0003562620507422
-1.0005861101484474
-1.0001848488658376
-1.000588600957299
-1.0000321592423789
-1.0001280682949034
-1.0000056178078967
-1.0004189667499186
-1.0002814997435627
-1.0003359889055394
-1.0421940235797555
-1.0005619135817012
-1.0003162347399264
-1.0002277907625368
-1.0000417843215632
-1.0003877738318452
-1.0002867565608358
-0.999558784971046
-1.0003749456314406
-1.0002365571509182
-1.0001671649291295
-1.0003984156426888
-1.0001931274206282
-1.0002937912736667
-1.0005866041342513
-1.0006507473197226
-1.0003731959098925
-1.000216581032454
-1.0001541126841347
-0.9998040366264805
-1.0002799522786407
-1.000295838514727
-1.0009136432663985
-0.9997506380151527
-0.9998936109508033
-0.9999578423543348
-1.000503346171599
-1.0004511055978569
-1.0002716593055816
-1.00018712601176
-1.0003079513389959
-1.0005045253842955
-1.0002559095303307
-1.0003271457624816
-1.0005672760168287
-1.0003935993983935
-1.000503716490634
-1.0001541150093392
-1.0003022307334772
-1.0004086052472245
-1.0000261973760547
-1.000321735594695
-1.000389734520015
-1.0005226030431758
-1.0001541150093392
-1.0003839993526755
-1.000304464270048
-1.0000883751257477
-1.0003413038112219
-1.0004087304922438
-1.0001731313538618
-1.0002608870797471
-0.9998589897514103
-1.00016518147445
-1.000134684235391
-1.0002496916112116
-1.0004448219625879
-1.0003433739314707
-1.0001409071960117
-1.0001067810757593
-1.0003901764663854
-1.0002863246733602
-1.0000437355007215
-0.9991956524560697
-1.000331458419455
-1.0002314187616221
-1.000405875729157
-1.0003669254921888
-1.0002179521143642
-1.0002678199839252
-0.9998921663512127
-1.000275011423997
-1.0002140343156323
-1.0003325220195434
-1.0006873869751898
-1.000438655914912
-0.9995941913262946
-1.0002056746374035
-1.0003652084081414
-1.0003921822377095
-1.000585851514335
-1.000436962229755
-1.0004548119169274
-0.9997235128649972
-1.000061079445758
-1.0001964119663387
-0.9992095016134918
-0.9999724645908123
-1.000153686844155
-1.0004614449278324
-1.0002585948295946
-1.0003659573585093
-1.000338411217306
-1.0003514636931046
-1.0003966727218823
-0.9991324985838269
-1.0003738229375942
-1.0002650517952192
-1.000348488571989
-1.0003519658634863
-0.9999843581751365
-1.0003490701019733
-1.0004913815564835
-1.0005444408863098
-1.000169183057951
-1.000216034686657
-1.0004995601242275
-1.0002748849850627
-1.000541524947389
-1.000202346407535
-1.0000296859937157
-1.0001901404110545
-1.0003890908766309
-1.0002952486706396
-1.000225318164492
-1.0003177276679276
-0.9996613602793607
-1.0003538802364478
-1.0000791988459143
-1.0003259370161883
-1.0001313840229735
-1.0001774087218185
-1.0008215152527153
-1.0002820521380944
-1.0000960160126948
-1.0001259646356477
-1.0001349725551494
-1.0001753416281813
-1.0000754025342755
-1.0003862044546232
-1.000128976781569
-1.0004347987348652
-0.9995221956034287
-1.000465613044494
-1.0002832602170852
-0.9999131778131504
-1.0007013638569604
-1.0001995105569135
-1.0001896300470496
-1.0003669315874124
-1.0004537693084665
-1.0000280811016622
-1.000461294735088
-1.0003684511607465
-1.0005617857345586
-1.0000421219234426
-1.000355177437481
-1.0001486870603522
-1.0006200025189136
-1.0004020706290504
-1.000052018773078
-1.00024280218652
-1.0002473031804286
-1.0004627552578043
-1.0003448271214368
-1.0005451824858236
-1.0006114337190817
-1.000191039428968
-1.000339165406098
-1.0003841623985084
-1.0003961080321524
-1.0004035115409844
-1.000528753070569
-0.9999155844257273
-1.0001037719531651
-1.0004325974532575
-1.000162039212419
-1.0002213519254708
-1.0003553722167078
-1.000234516979433
-1.000220155132947
-1.0002341236872874
-1.0005720968174936
-1.0002326372108925
-1.0004458367095483
-1.0001891787149377
-1.0004073658195478
-1.000399282815387
-1.0004060314638197
-1.0002010573307878
-1.0002692581267627
-1.0003612270729196
-1.000079563976811
-1.0000691567321676
-0.9999792492298981
-1.0000498050890574
-1.0002861270991235
-1.0002533970728007
-1.000609473236651
-1.000435838807082
-1.0003565631495899
-0.9997004945987797
-1.0006141424692911
-1.0002889987576873
-1.0003096993053955
-1.0001356721996815
-1.0004040490496986
-1.000246309543865
-1.000687021063906
-1.000634923907426
-1.0003913270338396
-1.000084140642514
-1.0000132515006666
-1.0003709416672475
-1.000384354490122
-1.000484708712658
-1.0002142434625947
-1.0001545786902624
-1.0004293358764724
-1.0000833879045605
-1.0005391337839895
-1.000468799638138
-1.0001187423877687
-1.0004011077630142
-1.0003318954167386
-1.0004236358011553
-1.0003461243551908
-1.0002683381550133
-1.0002066192175958
-1.0003068087788702
-1.0001212133983777
-1.0002341331896867
-1.0003349276222382
-1.0003919952903517
-0.9998297296782586
-1.0004091417997456
-1.0002200693223737
-1.0003439542221306
-1.0007326495296698
-1.0003665147645884
-1.0002323992740234
-1.0002064633627672
-1.0002099459553808
-0.9999815713506369
-0.9996438587835794
-1.0005588597876067
-0.9999329430039245
-1.0003958973229956
-1.0004685010011711
-0.9997785418056044
-1.0003688820418923
-1.0000396636673536
-1.000043706392717
-1.0002123774922438
-1.0003635615291724
-1.0001556931285178
-1.0006590799771105
-1.0001473624004795
-1.0001117777176525
-1.0001030758080842
-1.0003265357243931
-1.0004604398752537
-1.0003625900108175
-1.0002098549839493
-1.0004319722676092
-1.0002443440380828
-1.0001480685133175
-1.0003445871042738
-1.000271908555697
-1.000170689750145
-1.0000149805758214
-1.0001804498082303
-1.0001541150093392
-1.0000808241354169
-0.9997259838649076
-1.0003233103926321
-1.0001976685340959
-1.0004948261754478
-1.0001441226554009
-1.0004578888898954
-0.999921507975317
-1.000181690487031
-1.000242434801308
-1.0003146294882053
-1.0002253803917645
-1.0003554841858557
-1.000141174143561
-1.0006161408951617
-1.0003913902863708
-1.0005873722310543
-1.0003710311358085
-1.000312572781537
-1.0004374904237703
-1.0003738393035346
-1.000472531282349
-1.0002337092254072
-1.0002470690424161
-1.0002453734742724
-1.0004187136044673
-1.0006406842365902
-0.999986838902714
-1.0007351607552657
-1.0001461701138619
-1.0001055470287534
-1.0003027323538705
-1.000308989553629
-1.0003974378297213
-1.0004886960461912
-0.999512711229371
-0.9999488019978713
