-0.9650870581021543
-1.0623144058773664
-1.0448816541813106
-1.0258396864545252
-0.920069048993415
-1.0034034757350612
-0.9524371389751688
-1.2597383700544145
-1.134880965492537
-1.1906680423654834
-1.1846487860768897
-1.054933469408073
-1.0359593861789675
-1.2296822385365336
-1.1337494192517503
-1.1403689822533962
-1.007441168533168
-0.911679892838207
-0.7480843511896087
-0.855677322343088
-1.3066342179781523
-1.1945109998362653
-0.9312793466260504
-1.0683663994672363
-0.7579301286905773
-0.7194160479115764
-0.7946695814358978
-0.8507889448355396
-1.1000562682388262
-0.9854866042433303
-1.138437459036985
-1.1045675863813016
-0.9455800401427328
-1.3705912485827056
-1.0160258720012603
-1.1146789129752088
-1.294992377777739
-1.2015074542024782
-1.1651537332891166
-1.0857023149308898
-1.1291436393578982
-1.2421956220611894
-1.1815178609933965
-1.1752274511670602
-1.1867470727073126
-1.129422591443711
-0.9505067378787334
-0.8066147159946456
-0.8839816239203011
-0.8173539696705636
-0.338857047743072
-1.0793267855154585
-1.0963753950919242
-1.0940038377857277
-1.1938700056501168
-1.3035133235347733
-1.223274775073035
-1.2580280641947459
-0.9643929186710909
-1.2265421996534236
-1.044500211456416
-1.0312647908195636
-1.1760730517261218
-1.034724774703348
-1.0152485572407661
-1.020401263921772
-1.121107578363236
-1.1615931205818728
-1.1707144759175634
-1.1381670759414377
-1.2090577782311716
-1.1125913754430226
-1.1637050021617612
-1.0522061838751702
-0.8869802653423448
-1.011338781478213
-1.268499341256594
-1.0087989750939423
-0.9957758455512673
-0.8137322741977419
-1.2275354675517025
-1.240076683773657
-0.7210112947544198
-1.0981485208248092
-1.1459513250841153
-1.2742942994501716
-1.12531318104818
-1.1611663781894483
-1.146073480701117
-1.1301141875512837
-0.9824377875882365
-1.1414422316439
-0.9977634998181305
-0.987730844116385
-0.9231977440351967
-1.0589130640219477
-1.0188124499754192
-1.2894121391765698
-1.120032073073981
-0.9082647067076991
-0.9530458414668141
-1.145252426458449
-1.115421779844362
-1.1603322419616195
-1.1638081351473433
-1.2656992373005407
-1.0920435867040652
-0.8175487869641853
-0.9544692294084189
-1.1418556255701415
-1.227997521464016
-0.9370340299734864
0.3097123155175936
-0.7685495143298474
-0.8584600623460528
-1.0095909866195667
-0.8725735933928239
-0.8504901102049217
-1.0447512348067838
-1.252002254246518
-1.1419696965142134
-1.0172922267412619
-1.0987773026260905
-1.147227920020474
-1.1338869346841656
-1.409761107640715
-0.635909233937283
-0.9877031960544794
0.40421871137133003
-0.4558414899826069
-0.13029727017894965
-0.23968267940174004
-1.2161129660406345
-1.1530009401580243
-1.1822080344296828
-1.2225559141260276
-0.17434446515068924
-0.146732813869079
-0.1023778626107682
-0.12784505482336894
-0.3133087984681969
-0.8205119391941085
-1.091624467882991
-1.1022424487239255
-1.1364235275661505
-1.2305125651816433
-1.2161941206149405
-1.388981249401842
-0.3791753303186942
-0.5198403982403897
-0.9303256654536342
-0.8728891682490312
-1.1884288169154456
-0.8486313489579654
-1.1596625369762257
-0.9656749893479502
-1.0371470362831121
-1.0549709302325185
-1.245192117439418
-1.1336512552742368
-1.1476590982143675
-1.0828352655260458
-1.031479687148432
-1.0519762788049618
-1.00512600312088
-1.1405832848643325
-1.1399329321236131
-1.2670934613984892
-1.1699769497072414
-0.43388706616015793
-1.076959749537535
-1.225883710153337
-1.13778679672664
-0.7013791894011088
-0.9927009466031566
-1.1488791886843854
-1.0928291745070375
-0.9999810227511504
-1.1051055324437344
-1.1642084644981905
-1.2044136732862276
-0.9605830291465227
-0.9730821968250358
-1.0558135942664295
-1.1891874535326916
-1.1319619212391026
-1.1877414662637438
-1.2243247034697433
-1.313519539124257
-1.2352572927961263
-1.2727344673537277
-1.2153571751902563
-1.056122988551881
-1.1992771402177924
-1.0775318120054436
-1.2025346293236963
-1.2510710967824947
-1.2849848343212367
-1.1340219000771739
-1.1483630922679837
-1.0902493247334966
-1.0228892441578916
-1.2235358748577436
-1.0754085809791185
-0.8989810361454473
-1.136740432346222
-1.0628859852390586
-1.1821210001181166
-1.0069051249646415
-1.2149798544251804
-1.0772112812468873
-1.2539748103005124
-1.0439059804445385
-1.1300303919767234
-1.2675578625936037
-1.146053702992106
-1.2537036515824038
-1.0923073813242175
-1.2191971191689632
-1.2818804458474091
-1.0774708853463801
-1.22147463172879
-1.190321641915252
-1.0001658220810745
-0.7167873145983262
-0.32978486805095253
-0.4894193424960762
-0.8779658667655873
-1.1267939663736244
-1.1267939663736244
-1.335611518651767
-1.339858209577685
-1.21765704099865
-1.0323323078671613
-1.1527100700833213
-1.2961124226407663
-1.2343490197509188
-1.0907679431347876
-0.9842539794658246
-1.1686700983866483
-1.1658752037516131
-0.9969615053256847
-1.1647809653405092
-1.2147562839501778
-1.1128532799326616
-1.224807815205148
-1.331207550891241
-1.150927640936227
-1.2236046550130637
-1.2160630825806682
-1.2294194566018577
-1.0518150822254975
-1.3214273022776786
-1.149979991489377
-1.1113032197199904
-1.2787883446910766
-0.965883294531924
-1.2087405461606688
-1.1288816373787784
-1.124684342221636
-1.1943654960016303
-1.2665823598762107
-1.3023807799782003
-1.4213962973460967
-1.2194713363455048
-1.221820172128174
-1.0546771682125025
-0.9610120414360469
-0.8751300378696392
-1.0923027040821056
-1.1070206049782878
-1.0540687458700744
-1.191602943062522
-1.0252320175076286
-1.0965494267833877
-1.1724656765392591
-1.3905103015109803
-1.1709257845806404
-1.1173706819032234
-1.0266104942846486
-1.2374745793236013
-1.0666701628143667
-1.0945703886137799
-1.0615949944688459
-1.2504282068478703
-1.2539069751165839
-1.1307505955200439
-1.1303044997800795
-1.2548768652305358
-1.2818620654739086
-1.0969782681997893
-1.2420560850311477
-1.185677395270196
-1.1279914131800943
-0.9448554578394337
-1.0233419720622545
-1.2542579589015739
-1.2288844914591985
-1.1144404936676438
-1.321557339980464
-1.165455790527146
-1.1686064318560934
-1.266553736754227
-1.2367856153352217
-1.342792147668864
-1.2700235517351706
-1.0421186563957043
-1.0467291321552963
-1.0002502407479419
-1.0117240821204279
-1.2225745863084732
-1.2444035458527085
-1.3248415077475997
-1.2125433032660133
-1.3241343197125017
-1.3814787479546695
-1.2991870780723191
-1.2556759483355275
-1.1851127920166595
-1.236445181280156
-1.2534121655107813
-1.1096806308914888
-1.1157552125032266
-1.086757394309684
-1.1602812027829303
-1.2249512126715356
-1.2305501164323622
-1.17068863508226
-1.0274622767810935
-1.1115535591757837
-1.2201264359560935
-1.1970876041906289
-1.1834638446883794
-1.2177507679813253
-1.1292496712696882
-1.166727469970881
-1.3418322851727313
-1.13536299131823
-1.2201238413672302
-1.4296378018005043
-1.0734542835642351
-1.2394116545377105
-1.1882599243897647
-1.055668782313649
-1.247822343488235
-1.1911580533915243
-1.2488831369334372
-1.1574816186143901
-1.185154081188782
-1.3582970790264244
-0.9999709304790079
-1.204975967198167
-1.0316542001115279
-1.272377415074573
-1.3077779812072434
-1.1433393019926639
-1.2751476901247965
-0.908688218875032
-1.0680095591728826
-0.9072364403047396
-1.1061707217863785
-1.1558894661447847
-1.1494385044871325
-1.1883727611761215
-1.2062010439851072
-1.2666144981404692
-1.1219699094184667
-1.2071516724654983
-0.9225974263493478
-1.2483239975944413
-1.2442700169036214
-1.2614462353958984
-1.0509796536085343
-0.9498550112391553
-0.9278764414565152
-1.2946763362092533
-1.172588026522233
-1.1088341871488034
-1.091679874966256
-1.0161951262499496
-1.177942707433615
-1.2925076732653786
-1.2000222834852752
-1.1864933408317622
-1.0782072904278774
-1.1738134669044988
-1.2370577909281506
-1.120207987482277
-1.111238000725324
-1.292219161638339
-0.9951287125615209
-1.0902738082501693
-1.3204574351654375
-0.9916170627075445
-1.2583073578346973
-1.1759938673797616
-1.3050783707011457
-1.2281489007878457
-1.3149832725635302
-1.1894351445491027
-1.3159496364845005
-1.2926415306759187
-1.2137241783033728
-1.144338026462611
-1.1263533446890923
-1.1726750471302934
-1.072192420759982
-1.310343916025087
-1.0286679643466634
-1.2202907089185147
-1.1451977504192876
-1.2645914709697066
-1.4066764399721863
-1.2310262042770437
-1.107602174429293
-1.1898971196019041
-1.2202180801936144
-1.2443058571715926
-1.143932006649484
-1.1969872359896239
-1.1088147260923709
-1.2999976744989472
-1.2405084138014852
-1.0265339365501494
-0.9456403017753228
-0.9784428740940071
-1.040574619352703
-1.1240331801772177
-1.1409056623804628
-1.3635747160336478
-1.0857710838724066
-1.237874714203977
-1.291295501921299
-0.8703796254015841
-1.0816130966301873
-0.9111541559891383
-1.1804779074634364
-0.7292104197678593
-1.0050914952078607
-1.0294774354837384
-1.1232244366066737
-1.1622093884979359
-1.0980111406542794
-0.9053537781796627
-1.0727491532222904
-1.033493991842438
-1.2866404635146718
-1.18483776177643
-1.01092943287084
-1.2848869905864215
-0.9655192345401645
-1.048299345757637
-1.3200243620590015
-0.7869269463007756
-1.143937843299116
-1.2412021435777654
-1.1409921555543918
-1.1957483843628418
-1.1824116065374088
-0.9983664275874065
-1.1563992139534423
-1.0842421401373743
-0.9654882660547546
-0.7961217484748323
-1.1339660188888878
-1.0971903684823938
-0.9431648740303726
-0.8007943024010371
-1.277540489456252
-1.16902414517252
-0.8607116933578327
-0.9890274559980953
-0.9751698102585658
-1.1623309352564515
-1.0558299021097701
-1.0225559949670249
-1.1649449298681382
-1.2739212597163578
-1.021360345606541
-1.2989648612942677
-1.1884202333402776
-1.2395176321072663
-1.1942217221747593
-0.9800709202936976
-1.1725460977990267
-1.2022270445285812
-1.024158620758639
-0.9310241852809681
-1.180502268568291
-1.0675337298451308
-1.2097025544428117
-1.1848039511491206
-1.2609645010520558
-1.287012601534308
-1.1197938051752083
-1.086935650432681
-1.2151550863069247
-0.6196148423261065
-0.9963647654432629
-1.1026327279964003
-1.1877372204883998
-0.7203597999532763
-1.1656518569426118
-1.246075478109048
-0.8206142876267821
-1.1728571841084712
-1.095447158910304
-0.9230422916618966
-1.139660903362087
-0.9001906229323201
-1.085770454229627
-1.0652827059559389
-1.1119654009681406
-1.167570364313413
-1.3546836806222577
-1.1935389463348416
-1.3387593980519181
-1.168704156257836
-0.9326632377581168
-1.0671116424274305
-1.162105113428471
-1.1762870047393592
-1.1708143577044807
-1.320246578463539
-1.218224999444686
-1.0821148006540326
-0.9835810995545815
-1.3582855377058194
-1.123922035875668
-1.1557690251305734
-1.299622776859953
-0.9172461392985916
-1.1555521517431893
-0.7926229742234867
-0.9401641020652587
-1.1822108009490395
-0.8698120490985519
-1.1547159327503733
-1.0606404031984997
-1.1176790208482257
-1.0394071980053239
-1.062171244713108
-0.9956216217137958
-0.9726987378394663
-1.027046889125935
-1.2339263005251682
-1.1159451094823325
-1.1335443220165997
-1.1794758613872594
-1.0753286221241836
-1.1852504070214105
-1.2262492970507972
-1.2144089699313272
-1.2783465490531065
-1.115602415700186
-1.1992569111611038
-1.061147869328892
-1.200916971572814
-1.275653244377661
-1.1558096228030519
-0.9880981057905862
-1.0948716905468452
-1.3888151807174711
-0.990431627092161
-1.2603769076369642
-1.1265371740326078
-1.281913490466628
-0.7956806643364314
-1.203831205176927
-1.0121898325598968
-1.0881884846581538
-1.1411122244063392
-1.0355611113489633
-1.0084038736925702
-1.1829711566309498
-1.0450946149624911
-0.9506267839657332
-0.9140110108180837
-1.3600172200562053
-1.0366877410641768
-0.9606795360697992
-1.2303225360465873
-1.1683619064816209
-0.9929251949029493
-1.159417866322623
-1.1080041259509943
-1.3458361375427836
-1.165834627411865
-1.1661440836945165
-1.1253695036048623
-1.261779622903902
-0.9306072621598778
-1.162012270804247
-1.1107393728794803
-0.9307715919207148
-1.1311393618445629
-1.2952213500848047
-1.2605487421936976
-1.2110430008016797
-1.1503624204526264
-0.944848574299354
-1.275092206233169
-1.266957276342668
-1.279272117329961
-1.0555194404859163
-1.2885653362005125
-1.2122799369085784
-1.076310008867396
-1.1647005056427704
-1.209636926227558
-1.239805044127876
-1.3560595051051214
-1.2323968358459056
-1.187579249440303
-1.3186875269272864
-1.1665159906548512
-1.0341372727693532
-1.1744544794672191
-1.12258743281271
-0.9993835962221257
-1.1889075312587924
-1.2060226343576537
-1.1002044777173519
-1.0902845845019935
-1.1688811913858146
-1.2268009946276872
-1.061375343533348
-1.1377886193143467
-1.0727980520565352
-1.2093661760116885
-1.1343488006205353
-1.289104843009261
-1.182831066439255
-1.0273194259760712
-1.1306586641525613
-1.117136549319548
-1.0674715665820238
-0.968796444623221
-1.115225472030597
-1.0811622081634735
-1.1699073547673051
-1.1355140625300346
-1.2749451567147285
-1.1908640343387171
-1.183491022886903
-1.2680182055027616
-1.3965839106059494
-1.1279463331036736
-1.0966149662799625
-1.3312556345379218
-0.9499221019548659
-1.1405100296542656
-1.2007724143491263
-0.9507465775025853
-1.1920792364817938
-1.1366330996480143
-0.9580142183275147
-1.0718140607119988
-1.1469563282404227
-1.2615019032668457
-1.2046701897057943
-1.2280235352081315
-1.1637246787729587
-1.1255885006410744
-1.229218282047213
-1.1247747796513892
-0.9160120096607363
-1.2866331556401986
-1.101472340107522
-1.270605223262301
-1.2757089375566515
-1.2932818364586725
-1.286892760421925
-1.2655371474993888
-1.130425872848778
-1.1971032078027863
-1.256373751801578
-1.1397884210286007
-1.0831610485091492
-1.0098013693282593
-1.097794841329522
-1.049645418882184
-1.0217102764874157
-1.2340708086085348
-1.0741708870973674
-1.1541524623922004
-1.065069118752352
-1.2201122852887747
-1.2827450377489455
-1.0677550792146917
-0.7863365757055628
-1.1220015470067817
-1.0894729214657803
-1.360464735206699
-1.2351236536993953
-0.9705856261305584
-0.966020271364731
-1.1920551880882755
-1.1313620128602024
-1.1805556362299976
-1.1381659112136364
-1.3149462372949285
-1.2079060745342869
-1.1629613279119706
-1.2096421370276058
-1.0838175391938587
-1.0058261594015234
-1.0822838370782555
-1.282381056876034
-1.1256028785159393
-1.2082261216571024
-1.1930833658105957
-1.2017623752386162
-1.133757973233696
-1.2982457447877147
-1.1187891994850832
-1.1564759505156417
-1.2503002554448026
-1.080560243144674
-1.3159652640681152
-1.0961677673053636
-1.1964369317626868
-1.0595778718868551
-1.21177362253361
-1.2763482283928946
-1.1399890195150353
-1.297516444258925
-1.211382317924529
-1.258855096660847
-0.9907113302954932
-1.0255724735063831
-0.8802241345414582
-0.9525716226756621
-1.2954707885375334
-1.1727781083369306
-1.2252374898096552
-1.213885714682056
-1.0891500867969435
-1.0946606319215624
-1.2690890734737814
-1.248271828101823
-1.229868408705285
-1.140559067983025
-0.9865458419697464
-0.6236075815529601
-0.8840356695953376
-0.9421257557852107
-0.983348505747156
-0.7252813149796943
-0.6339930490862229
-0.7100747773561549
-0.9055550709380431
-0.9362815555025513
-0.9788985283070893
-0.8005242797512947
-1.1730000187736578
-0.7286928254814214
-1.0632549827324747
-1.0122973293412891
-1.0504245906688616
-1.021163260913827
-1.1358313059806096
-1.1140317402306095
-1.2375354034588062
-1.1755575528587983
-1.1809689817440776
-1.2227008806227673
-1.2579121566826694
-1.0245091966938316
-1.1433533898801942
-1.2538177593906044
-1.3608840407473421
-1.3123370613715633
-1.2301675787741138
-1.2807766444061115
-1.1273121105871877
-1.0277590870068471
-1.2327801984007924
-1.1995796299988815
-1.1483918752441307
-1.2454676811236312
-0.959890044319344
-1.0880196170182965
-1.139752009802439
-0.9952925164278604
-1.2567808113103318
-1.306573786347034
-1.3248277735216694
-1.1669071821823191
-1.2681006959518917
-1.297298174617273
-1.1791833148704596
-1.0443871509829914
-1.2516601271100418
-0.9280605631972538
-1.1307429661207342
-1.018327175802007
-1.2602014822385181
-1.1837878985396288
-1.2689649478581597
-1.134339585922308
-1.2326936371503823
-0.8501926797581584
-1.166961010584093
-1.314534976740049
-1.1513665386503182
-1.1890608651519181
-1.1223088238916863
-1.006756294412136
-1.1625628961238772
-1.136747223642065
-1.3424229662709668
-1.295522600899774
-0.8729659282605304
-1.0465913912370164
-1.0837468910535564
-1.1117184413436938
-1.2452374199538514
-1.3292330139665562
-1.0032208580541901
-1.1855012494198462
-1.0299960460980688
-1.136594335085979
-1.0623476549121729
-1.340223078377876
-1.185711342374463
-1.1567173317542072
-1.0776727899976732
-1.2219242950290075
-1.2158705986616076
-1.1912634343732522
-1.130804603465044
-1.2949060553520646
-1.0487930912283843
-1.2948286937927471
-1.0188583049749524
-1.1513481229542033
-1.3375128654353277
-1.2958916381506953
-1.2746983498116076
-0.7814214714871179
-0.873210539777941
-0.8109496549154009
-0.9822828688024251
-0.5463463919477333
-1.0251391320569843
-1.1357172328692173
-0.9183819486723591
-1.1588866682234387
-1.0890364064403815
-1.193695603763429
-1.2296820754943862
-1.114331377907587
-1.069884915712103
-1.1330978030172747
-1.0407324960093034
-1.1891816685501722
-1.2238299984043468
-1.0386400494409984
-0.999720280646156
-1.229667210764356
-1.0157499455973151
-1.184995184201061
-1.2941264260091097
-1.157254186311787
-1.1036302502886368
-1.2562316667964306
-0.8583850422242157
-1.0825031226458304
-1.2453350128210583
-1.265314294449896
-1.0718393228938445
-1.1809344424697439
-1.2096041803361146
-1.2569739817389833
-1.1757896147292068
-1.2170676972177348
-1.3146163771558466
-1.1559694266386298
-1.2745906644232
-1.3018281824606759
-1.3367919108750428
-1.251526070890935
-1.184969321787694
-1.1787532190628673
-0.9788477472796926
-1.3196882048009662
-1.1819240696860365
-1.2169898403257644
-1.21117815297215
-1.261206851749058
-1.088710204042441
-1.195625873556637
-1.1678405487517454
-1.0538102189770593
-1.1424662481719912
-1.1424662481719912
-1.1945950478970147
-1.273554617908649
-1.1901985838379865
-1.261674092293279
-1.0865613897424478
-1.0340772772961377
-1.141402784118787
-1.114564402044173
-1.288916778233128
-1.2022715301956781
-1.2662920609862567
-1.0497874614477676
-1.1889814814763962
-1.1545814406525439
-0.9068712496437263
-1.1498488838231067
-1.13735965472213
-1.0741495757041952
-1.1574802516359548
-1.3310296029094504
-1.029969529536034
-1.069042376679619
-1.2563611828328716
-0.8073473159745987
-1.3141848264321974
-1.137942635438802
-1.2760482024478215
-1.259214525830508
-1.0142148949946828
-1.1610095166072916
-1.4084188752852893
-1.0437627129790554
-1.1245717902705983
-1.0145351198217682
-1.1699572468580466
-1.28038293558411
-1.190074263108126
-1.033874777718997
-1.2710871422331356
-1.1030830325772918
-1.2363927066512663
-1.1982596648785366
-1.1986932962646906
-1.156881135968636
-1.2264850523702853
-1.292840443424781
-1.021869787313214
-1.4386538035873566
-1.1654900190258863
-1.286931930960327
-1.2844213143600642
-1.1767248639367482
-1.1637422139801048
-0.9778416250576336
-1.192514310411723
-1.2718279908813837
-0.9764956775956869
-1.193194556250692
-1.1404463325771403
-1.177222192022898
-1.3033648694823938
-1.2212003007841576
-1.0521727546866497
-0.8805117612891081
-1.084266181502029
-0.9462418360769757
-1.0641484783114872
-0.9823616406048122
-1.1351245136167378
-0.9688886375238269
-0.947025735350175
-1.0389158659403714
-1.1564001952612553
-1.1250632410937422
-1.2197006194938629
-0.9787014167946031
-1.1882518067058903
-1.1039454496598342
-1.1244126783756674
-1.2853044598389705
-1.244156280515334
-1.248629490103532
-1.2024524173666256
-1.1920324940385731
-1.3583581838761214
-1.116246711122661
-1.2214858628179703
-0.9601413897612356
-1.342848424591291
-1.2602627775555435
-1.1195914595257026
-1.131115976722941
-0.8493968770010373
-1.1207743371861962
-1.09676586369319
-0.9614179959710524
-1.2732506114002358
-1.1687067116251781
-0.9440590205367874
-1.0646542639184342
-0.9652297686929839
-1.2891319786863547
-1.007212832290568
-1.225729768976679
-1.0780069807577242
-0.9976159265274134
-0.8495869134080974
-0.9978729516271327
-1.0883298846969112
-1.0152178421043014
-0.9843291744244423
-0.7841688637106807
-1.11496926478553
-0.9132654058204097
-1.2736437260802118
-1.1410341464702587
-1.2590455688963833
-1.1489737713259256
-1.2910004569018234
-1.199374370169385
-1.1818815225968546
-1.2003529940835893
-1.345386393969649
-1.2827715357409342
-1.1578546452782743
-1.2851527161125031
-1.1974950614995903
-1.2012245184715677
-1.2468131063474321
-1.290076212369283
-0.8522122254069495
-1.163455053579225
-1.290407958116031
-1.1445133686989268
-1.2362769123860826
-1.1583455167647907
-1.2044740314424922
-1.0611075052366392
-0.977756695382097
-1.2765673890806282
-1.2755734398857563
-1.0729235703228261
-1.1484392990399304
-1.2499565909018049
-1.133294338347643
-1.1109538145931168
-1.1328799323860874
-1.088892077690148
-1.147697635044839
-1.014638857918185
-1.0831710636576153
-1.0894481351662129
-1.2400475594139664
-1.197301605838478
-1.1711463303221183
-1.1581048354067678
-1.151274436512371
-1.1668060301161876
-1.1778119952260118
-1.0527184641010834
-1.1344581993404914
-1.058569357216479
-1.0788587263542955
-1.1009067996722852
-1.2703663076970617
-1.2179243246645761
-1.2501198463102003
-0.928041653769084
-0.9985733448629476
-1.247669279982024
-1.2413382298373543
-1.038434091631538
-1.1993319549690158
-0.9994121693824094
-1.155612848272672
-1.035746037695175
-0.8968036187024471
-1.1836681982381703
-1.2392094027556955
-1.1087030482762672
-1.0990541847912496
-1.0994712240122122
-1.0282190720706208
-1.1369362939718672
-1.1939144804950357
-1.1284866896477732
-1.1459291313315731
-1.0559855610470767
-0.942321866239937
-1.171993650656086
-1.1043768702626824
-1.2539994100955172
-1.198345536309157
-1.0757591977766574
-1.069272898179488
-1.2905971680011818
-1.123975768450404
-1.2086137967687656
-1.0706088174128565
-1.41365237351483
-1.3174773005362899
-1.3538336237435713
-0.881150336129618
-0.7967284372539137
-1.0291621769562718
-1.0031130107191397
-1.1929121865996555
-0.8520137481578707
-1.0246720195990902
-0.8867944688776408
-0.971567004718978
-1.1117771275399853
-1.231265471545719
-1.2549761774361223
-1.3299219692379394
-0.7959107380697972
-1.277414497092019
-0.819393592655171
-1.1336475604318332
-1.2559021123692735
-1.1970074146711858
-1.1013184115296604
-1.249623201898295
-1.1185825363589337
-1.252151959407665
-1.1993204233205728
-0.911557303273056
-1.0049475362503946
-1.1168246729465683
-1.2276200315918446
-1.2001931413005267
-1.2032540240261171
-1.1094912195460758
-1.0330213966613093
-1.2407940250255856
-1.194399434565744
-1.194399434565744
-1.0278046921052186
-1.0781779932763935
-0.8720689695946218
-0.9882666772789517
-0.9583119896604732
-1.2476477766710807
-1.1694756449370765
-1.2367936783636386
-1.009552807449442
-1.230209814898796
-1.2005854017729243
-0.991567467137108
-1.0870356158521108
-1.1890388311862603
-1.135836886973773
-1.0498191233243463
-1.2592325117647913
-1.2170521810431483
-1.3683768255270512
-1.1424419600287778
-1.0892486118518372
-1.3193856432467714
-1.132378217901058
-1.1894731628041826
-1.1914770668658896
-1.1086039660335874
-1.0515741263336011
-1.1205423059511372
-1.242883987947328
-1.3761036349530358
-1.2111817181382964
-1.29152420945212
-1.3304154244601025
-1.3619953457840042
-1.1293250943339084
-1.2047482844895545
-1.2807233459488756
-1.3425365474745756
-1.3273496643638185
-1.268615565712432
-1.060146704789645
-1.2256990868307498
-1.0393105858367018
-1.156514605348375
-1.1585580118709462
-0.9578567226255358
-1.2213346165264516
-1.0661266266753464
-1.0268503123836445
-0.8927354839364152
-1.1833692084052356
-1.1123637632523353
-1.0636409976851728
-1.0068881430191088
-1.1634983976352617
-1.2332576668429596
-1.02244663625169
-1.2158421426605235
-1.1469598909796765
-1.3034771861585293
-1.2239112414923177
-1.3484791346029272
-1.2640502982640278
-1.2018424704266724
-1.2626764827014791
-1.1571707209877888
-1.309302034172154
-0.976571434700683
-0.9595243733842127
-1.0783519764656615
-1.280388166496489
-1.206273741951242
-1.321277787407852
-1.113935923857681
-1.0800663209935433
-0.9275078128765889
-1.093261087158157
-1.1112191313157687
-1.2605010969133872
-1.0638090915551965
-1.1337872934372888
-1.202162324004302
-1.1062084912857686
-1.15220387052061
-1.2261287962474667
-1.275007968431329
-1.2715457511538042
-1.0910313735455208
-1.3839677284758451
-1.2799670292372116
-1.206953621972771
-1.0837372683666813
-0.9242438249435118
-1.4080448555678078
-1.1814816760659599
-1.3381182863437853
-1.260234316133949
-1.085966576941832
-1.07739929094619
-1.1512748614454873
-1.024647661794405
-1.2114816298335365
-1.0966324631600521
-1.1244187559465537
-1.193025348470985
-1.1818007334711993
-1.1965177257243975
-1.2110106487124135
-1.2224479152032761
-1.1943123448194508
-1.2054332223068818
-1.025803774083105
-1.0519032027243136
-1.247364679354731
-1.0479201703182937
-0.9542671975809495
-1.1647504130808426
-1.1366997524897995
-1.1697426238666793
-1.1865451620368828
-1.0661331856484946
-1.300536446106367
-1.1406981650878256
-1.0425852527444985
-1.2497032274209143
-1.1150249506980427
-1.2540339643767058
-1.1272530902913895
-1.1776388854260398
-1.1409629515807211
-1.1463524395318478
-1.2735546110838518
-1.2977500602828984
-1.1423348645895595
-1.2107898427222112
-1.086360687842584
-1.2872300020834722
-0.9951150319077592
-1.2912634625264725
-1.0853724946887142
-1.0561525815706916
-1.141447579887816
-1.1491495838958343
-0.8153608374318754
-1.1627116601564131
-1.2164216226205116
-1.1470865770960996
-1.1929897021455567
-1.266864124129456
-1.2419168972812882
-1.2341985093531251
-1.1881183428847948
-1.0268156870103522
-1.2105463192328338
-1.3119981785191022
-1.1641218834612315
-1.4168116986992072
-1.296052188156343
-0.961034401620053
-1.0784622743543686
-1.2026878331812296
-1.462289263277947
-1.2337315934887247
-1.0952385082006297
-1.3574637369819182
-1.2948402542616124
-1.279769128521906
-1.2084392104005683
-1.0087820890864097
-1.414602966904344
-1.1963708277779803
-1.2169848023185565
-0.9433914018359394
-1.1277687798638742
-0.9448981815116148
-0.8999964457886919
-0.9003484008672485
-0.8973738094114531
-1.1332810823763646
-1.0203112027314556
-1.0086611175062112
-1.0969567924058015
-1.16049927284423
-1.12223000371959
-1.0145130575379104
-0.8724825653928001
-1.1470941032161366
-1.2718921346638052
-1.1074491385620329
-1.1359029984598799
-1.09102888910628
-1.1549571618880936
-1.0933424606973392
-1.276651162052909
-0.911618629341554
-1.3258527128094442
-1.1245315097870086
-1.2157035578439908
-1.0027237332789052
-1.1786815552072347
-1.1487303424131399
-1.1182459054504301
-1.1086527478933532
-1.2377689073391354
-1.1122943051398966
-1.1364218230374297
-0.6026879098807386
-1.0795842131640352
-1.1195836562111467
-1.1396052171262694
-1.0628223931208263
-1.182806204373357
-1.3993422200579813
-1.0265281653082432
-1.2792904571238881
-1.1286396436180581
-1.1021174962477223
-1.2788762336971313
-1.2543374654268138
-1.2137264004264496
-0.9329218881380682
-1.2318022677664562
-0.7686781700098217
-1.130039777752027
-1.215625939932824
-1.2211989159771326
-1.1786850193843081
-1.2565194470311334
-1.040208276970404
-1.1653716587969116
-1.140862417183929
-1.0663724112040702
-1.1605731594665358
-1.2211656992361715
-1.094948972919875
-1.0400724038788023
-0.8695495666365506
-1.1245803097698066
-1.0325753123062398
-1.2276007705171503
-1.1851149469305908
-0.8121202543418838
-1.2163362203873753
-1.1633754874919795
-0.9965724490890933
-1.069149483409197
-1.1043626207929556
-1.1288772459711511
-0.9965154651383143
-0.9585823551455553
-1.0945418582949016
-1.0469865806226306
-1.0863956386580678
-0.8066479184889063
-1.1277671990247726
-1.3053387058319614
-1.0788379479680779
-1.272034698108061
-1.0406745419185648
-1.2734813259155153
-1.102228773507715
-1.4684098687673108
-1.3081802117184353
-1.15111987440247
-0.9715150387289705
-1.4004170130957005
-1.093787772009811
-1.1381980387770851
-1.0534542401201494
-1.1050533259294373
-1.1214806100484427
-1.0916482217441328
-1.0227175442701215
-1.1366823386911449
-1.0884161979535538
-1.0794850888504817
-1.0496398491861916
-0.9379536267248525
-1.1388716534539973
-1.060069718465892
-1.1298963318259014
-0.9899876319121603
-1.1558697917818472
-1.1112914064143884
-1.0629862012367501
-1.0601202374514993
-1.1618627722569297
-1.272500886692372
-1.1483575963110222
-1.0308942832527923
-1.0083930768256009
-0.9871017287340051
-0.9624074625989449
-0.9741737793078894
-0.9939345133130096
-1.1345170352984524
-1.0689532400644937
-0.8786127394484985
-1.2617840006367778
-1.1592515310354559
-1.0738083397453715
-1.0496000228958302
-1.085522412827694
-1.1106095127899178
-1.0991816668833425
-1.2638264731381181
-1.1412609453133657
-1.118318651130454
-1.186390033571901
-1.176008749567151
-1.0553172860673665
-1.0399465251948659
-1.1287258640039024
-1.1855933066264042
-1.2392818900380702
-1.2821103805545184
-1.2615140325702594
-1.2068624844891906
-1.167397959201746
-1.2642037132335608
-1.1735982060397783
-1.0562967981217475
-1.3312114000938395
-1.1263351744985322
-1.2725051103744216
-1.1797313245985563
-1.2218660174148224
-1.2682307397310841
-1.1719126134118762
-1.279325163369669
-1.1023604501098394
-1.2430993171826372
-1.0935560428783484
-1.1250421654765854
-1.1543332869153007
-1.1172363874676896
-1.1783981062473061
-1.1506284206562114
-1.34501354764248
-1.1653181951407938
-0.977689231711597
-1.0620108649622468
-1.119159217107589
-1.2502709373917107
-1.0361505236438249
-1.2681417545149114
-1.153124173971435
-1.2476878897791628
-1.3234028407291936
-1.2359914474110765
-1.3254433859553791
-1.1112138504389655
-1.117176471595065
-1.2427354016138081
-1.2428823141012446
-1.3681716694278205
-1.2036273846084438
-1.2053333599909863
-1.1735773523906217
-1.1356052670848067
-1.1161902595868147
-1.0874119732340872
-1.1047310709788654
-1.0443739244357602
-1.258811568616752
-1.2020938955906162
-1.04721282914183
-1.3322977167458998
-1.2102059821925841
-1.236149095035055
-1.0589949273339836
-1.2208409481344802
-1.240671758542363
-1.1511579324657146
-1.0563287833493389
-0.9882807070486975
-1.0943342159447893
-1.0549108869498598
-1.1123485819787022
-1.1981764117466271
-1.2685859508614876
-1.2612616452230245
-1.1227231940153644
-1.2249085315033028
-1.0778420227295165
-1.214465630272704
-1.2089786191057652
-1.2864910623277197
-1.1891418356724945
-1.2575773447393002
-1.1079754915550153
-1.1470092358674653
-1.1521133216230766
-1.1227563530577558
-1.0768962939455942
-1.2711030057110166
-1.0474495169450582
-1.360215782178917
-1.1640558279531361
-1.1545459430310636
-1.0889883697543676
-1.2471809526588804
-1.0155472271468189
-1.0335271256174354
-0.951832479586
-1.220464873058853
-0.8899217717092659
-1.2092054600133113
-1.0992112271552186
-1.1562689714418317
-1.235054070196857
-1.3012241473844832
-1.1404717699564335
-1.0150286296939917
-1.252195145249452
-1.1617176335627843
-1.1599555103816166
-1.3984448558811575
-1.2087676908554943
-1.2517148639804272
-1.226435791617307
-1.0951808060945418
-1.276707905860907
-1.088612130079692
-1.1591353049525572
-1.3114716848662096
-1.109667340310376
-1.3219648620283702
-1.080248746618265
-0.9192238835198249
-0.9181859703980972
-0.900304163265221
-1.2046337077549873
-1.1354609135780995
-1.1902072530426433
-0.9495192809741779
-1.0271528758498083
-1.2179307175022926
-1.0002321864212278
-0.925263097085685
-0.9728007746877764
-1.0871011595664264
-1.171844907677223
-1.232537188325371
-1.1425451366036148
-1.2711297253654308
-1.1694313618873486
-1.2112915525501933
-1.2052693352263013
-1.2807181360147402
-1.229893238976424
-1.2053798860813048
-1.1691802751736804
-1.1486980019505142
-1.0843269209479331
-1.3352181960082294
-1.1320917022564083
-1.0925229415376365
-1.0935095466587197
-1.2123281501411858
-1.1412847798125263
-0.9633515800382185
-1.19921060033189
-1.0290515230470352
-1.0361305286493914
-1.1421766500449624
-0.9870183854826542
-1.0766029074911172
-1.0720793372078523
-1.307084926729296
-1.262704897900358
-1.2228499264155817
-1.2204812180924998
-1.322122503181689
-1.2920773754380184
-1.2653082337600945
-1.059865327735491
-1.1351069547537205
-1.1232323895857848
-1.0216754655124134
-0.9589570957061149
-1.0746779162647901
-1.159798297339366
-0.8406620639893614
-1.1807667724955127
-0.9486734057800286
-1.2139066835706762
-1.1165357453973312
-1.1159752601959356
-1.163216245173643
-0.8747415907395868
-1.2276617547303084
-1.0427437527268568
-1.1245927389188983
-1.2590670812430549
-1.1179092372335813
-1.3847554718217894
-0.9613771547407367
-1.2368144867090403
-0.9808418954768537
-1.2733164280389393
-0.8040717156096108
-1.1972997591538594
-1.0282371454768198
-1.145036776152776
-1.134051074458827
-1.214489415769747
-1.2281610515304429
-0.9288604416026178
-1.275420049076859
-1.0988190522797001
-1.1503919366855815
-1.2904430274681165
-0.9258944064256102
-1.1627623173970187
-1.018275939271255
-1.0314103358452913
-1.0649248900730357
-0.9099912944503293
-0.9961448339859316
-1.0097490802256628
-0.9101375509702191
-1.300288852194196
-1.2418275808385746
-1.2583029508289263
-1.2036798529194295
-1.0854617803918485
-1.0723052316730666
-1.0365792118324535
-1.2456438043522637
-1.1828143411385401
-1.2808309686110761
-1.223050820245492
-1.204002975125332
-0.8107367533709151
-1.2968884336760875
-0.759963150148294
-0.75066995473092
-1.300676274239979
-1.155459614253533
-1.1640532694882002
-1.0935941929206812
-1.1624678385226002
-1.1547683634551282
-1.274555226224834
-0.9800532183206437
-1.1645101056634846
-1.0006067537372738
-1.2177184322233534
-1.0801317069288003
-1.1735313819973192
-1.1324943610474514
-1.2139073165658583
-1.1593596391192036
-1.2571717715718416
-1.1255134710964265
-1.1043241658776912
-1.1459385325898557
-1.1346359392937035
-1.110004007083423
-1.259132452498124
-0.8881398995043016
-1.0429944824688406
-0.917119977181465
-0.9099353272424457
