-1.000004735728457
-1.0000757330270487
-0.9999649027349398
-1.0000469520191833
-1.0002721489850406
-1.000002783509833
-1.0000161411723567
-1.0001071619759812
-1.0001094932365773
-0.9999952352176777
-0.9999894470464694
-1.0000474658612815
-1.000124526896208
-1.0000346002518103
-0.9999695121709556
-1.0000211608595015
-1.000012450832219
-1.0002303020196421
-1.0000855553843588
-1.0000207377144181
-0.9999301835541038
-1.0000204186127188
-1.000020723852165
-0.9999771617226045
-1.000028149262734
-0.9999892909095832
-1.0000160777693932
-1.0000333929611958
-0.9999783855983423
-1.000035640588746
-0.9999793520543254
-1.0000141777812872
-1.0000609379061012
-1.0000420890088568
-1.000010833808405
-0.9999773069198499
-0.9999768360403621
-1.0001590618614258
-1.000063430300143
-0.9999606269129913
-1.0000338259924484
-0.9999894253715745
-1.0000543439504037
-1.0004808187562668
-1.0000718701376559
-1.0000638004124438
-1.0000747732506972
-1.000246489042713
-1.0000367227509959
-0.9999239364884444
-1.000020935335265
-0.9999902743264648
-1.0000999582943133
-1.000044181477409
-1.000122895944044
-1.0000429694186526
-0.9998717391295628
-1.0000649186601334
-1.0000212728655429
-1.0000819872331688
-1.0000470279311204
-1.0000443077584997
-1.0000486602450867
-1.0000085412411295
-0.9999536537937306
-0.9999840530249802
-0.9999958645882604
-1.0000322631504015
-1.0000380035722474
-0.9999818834354312
-1.0000022456133801
-1.0001776589635996
-1.0000683017391647
-0.9999757675574473
-1.0000391660166645
-1.0000311198654668
-1.0000341272433133
-0.9999802333900016
-0.9999653333360867
-1.0000552036430834
-1.0000424472040081
-1.0000293971346017
-1.0000383208726857
-1.0000017174064975
-1.000012272492769
-0.9999630498526865
-1.0000416839428237
-1.0000661534641224
-1.0000299462740911
-1.0001073929594413
-0.9999879545651735
-0.9999749378162198
-1.0000578308253716
-0.9999811696822694
-1.000068368002598
-1.0000355295470915
-1.0001098576012364
-1.0000002578457936
-1.0000713176467277
-1.000010237938628
-1.0000000045815904
-0.9999995757489442
-1.000039325730949
-1.000040027699908
-1.0000872665637321
-1.0000269537777773
-1.0000215100318441
-1.000487531228783
-1.0000400174821849
-1.0000619396803327
-1.000080398632999
-1.0000184324467436
-1.0000788670074614
-1.0000372505859505
-0.9999656575830245
-0.9999711476680212
-1.0000156780405118
-1.000033243169463
-1.0002303022057872
-1.0001644816186679
-1.000019757905207
-1.000028838278317
-0.9999058440132854
-1.0001550571240299
-1.0001214973100627
-1.0002146826363647
-0.999965932873654
-0.9999586493983574
-1.0000220537163036
-1.0000630063382183
-1.0000872897024262
-1.000017520254649
-1.0000548710919333
-1.0000132743101358
-0.9999745723046338
-1.0000146478857126
-0.9999505320276391
-1.0002303015763778
-1.0001043814260602
-1.0000091670179088
-1.000169198648301
-1.0000314305165334
-0.9999979856403723
-0.9999702051577641
-1.0002303015763778
-0.9999741337408214
-1.0001131941615597
-1.0001043297696346
-1.0000119742557922
-1.0000065988929503
-1.000132890148702
-1.0000577348857864
-1.0000848724895999
-1.0000967258900229
-1.000114431898948
-1.0000653598862672
-1.0000271956855609
-1.0000508222417808
-1.0002360929076115
-1.0000758649788875
-0.9999837363710812
-1.0000120362671243
-1.0001014246538025
-1.000688837639184
-1.0000293816309236
-1.0000777857023535
-1.0000152554858879
-1.0000698154667096
-1.0001831262318732
-1.0000636028372787
-1.000171969131694
-1.000172261597955
-1.0000399146821572
-1.0000345686524275
-1.0000146668543792
-0.9999703592585855
-1.0000851198661058
-1.0000637090124398
-1.000027490094853
-0.999982702629729
-0.9999843291142486
-1.0000056367997
-0.9999972997683308
-1.0003657536406232
-1.0000740569310955
-1.000056040171104
-1.000251431558357
-1.000114443104866
-1.0000935793367205
-0.999981248758482
-1.0000351880233784
-1.0000644613498375
-1.0000301352221304
-1.000099931466991
-1.0000303476957142
-1.0002715006359377
-0.9999829748428142
-1.0000377364333883
-1.0000415745682272
-1.0000057081677918
-1.0002016038314672
-1.000020984826497
-0.9999766860284635
-1.0000318747836867
-1.0000447882997303
-1.0000523684384057
-0.999968912169556
-1.000053694540178
-1.0000029746995933
-1.0000493567757673
-1.000067654784574
-1.0000760451874053
-0.9999945213155298
-1.0000550088428537
-1.0000408060457222
-1.0000558258353158
-1.0003411851066137
-1.0000149921122126
-1.0000698761890416
-1.0000726140870957
-1.0001236260201805
-1.0000756566094633
-0.999884332976059
-1.000050830440692
-1.0001662789809327
-1.0000817219054516
-1.0000979739516476
-1.0002055401693672
-1.0000633916339532
-1.0000486102933204
-1.0000708602193433
-0.9999905307126488
-1.0003488730546848
-1.0000005923440312
-1.0000172924116582
-1.000183076128341
-1.0000060736939977
-1.0000441501915036
-1.000081526180437
-1.000025462956257
-1.0000047571448318
-1.0001197746135655
-1.000041141572723
-1.0000408779249679
-1.0000020525625986
-1.0000969519282292
-1.000038808487435
-1.0000793031669573
-0.9999659311721727
-1.0000218360799087
-1.0001426624467449
-1.0000241751454904
-1.0000450509377345
-0.9999908661178927
-1.0000420241801535
-0.9999596830808798
-0.9999365203707862
-1.00010585779502
-1.0000557426957783
-1.0000495727629894
-1.00000749294635
-0.9999963293415458
-0.9999518852649985
-1.0002340727283283
-1.000110785156227
-0.9999563535470815
-1.0002220877776415
-1.00003728266371
-1.0000097513446216
-1.000058450926129
-1.000038902057366
-1.0000630085846685
-0.9999541073211066
-1.0000211388483469
-1.0000489726428463
-1.0000655551754254
-1.0000032631568914
-1.000013879228562
-1.000018988881608
-1.000057128277593
-1.0000337782263187
-1.000038134022545
-1.0001366424841431
-1.0000742505024935
-1.0002191532228086
-1.0000021838893804
-1.0000450770839744
-1.0000571268299154
-0.9999828594289021
-1.0000252742700608
-1.000012739991003
-1.0003478930865999
-0.9999645328621153
-1.0000656811569433
-1.0000176165304673
-1.0001484528484763
-1.0000409651105429
-1.0000503481407101
-0.9999674690155396
-0.9999910541511707
-1.000017915392159
-1.0000232497132677
-1.000072930774142
-1.00000151727399
-1.000001787470088
-1.0000224217812046
-1.0000603489744475
-1.0001294043536013
-1.0000263029439336
-1.0000762211608933
-0.9999608380765377
-0.9999796497653892
-1.0000524855904538
-1.0000250695505013
-1.00004529348575
-1.0000349954588634
-1.0000372577759116
-1.0001001127328153
-1.000064066752337
-1.0000557251974727
-1.000050534078466
-1.0000575602771193
-1.0000138331682447
-0.9999889323660116
-1.0003390489159956
-1.000029259466641
-1.0000848769162842
-1.0000437733814205
-0.9999413609934729
-1.0000134322581622
-1.0000751354040776
-1.000086421207956
-1.0000199127315028
-1.0002630136048207
-1.0001997808675114
-1.0001156811601422
-1.0002734972748777
-1.000000753608444
-1.0000092134491243
-1.0003093145054116
-1.0000520861235427
-1.0002087751501185
-1.0001317005368708
-1.0000729438250933
-1.000067820020715
-1.0002074741469247
-0.9999742863130237
-1.0000272669703905
-1.0002417840690423
-1.0001061953586774
-1.0000632230408355
-0.9999989995101847
-1.00002439390322
-1.000070008454201
-1.0000056298346895
-1.0000530310548497
-1.0001334618019748
-1.0000349116921134
-1.0001023465884784
-1.0000514024902305
-1.0001179951367836
-1.000080696481099
-1.0002303015763778
-1.0000693770867304
-1.0001651436528816
-1.0000147877057455
-1.0000574139215233
-0.9999835374231936
-1.000155191152139
-1.0000797682884266
-1.000245252644532
-1.0001041893757243
-1.0000249077290277
-0.9999923147915002
-1.0000406960389672
-0.9999872053132005
-1.0001558015296224
-0.9999917664687354
-0.9999928149905001
-1.000020949538745
-1.0000014972312825
-1.000107859252108
-0.9999550362660227
-1.0000055561004053
-1.0000181535025638
-1.000047700057595
-1.00002798868497
-1.0000673833803535
-1.0000143610030285
-0.999942244893785
-1.0001501901546987
-0.9999212437048657
-1.000060702396732
-1.0001570768883568
-1.0000493377808164
-1.0000562983310655
-0.9999996542427435
-0.9999571291275651
-1.0003879108619627
-1.0001632436472832
