-1.0004960330542263
-1.0001979913173598
-1.000484549746866
-1.000380705892825
-0.9994628926379211
-1.0004663658748072
-1.0003150120522293
-1.0001408750310454
-1.0003070612651732
-1.0005718472324152
-1.0003197472024556
-1.0003905617424387
-1.0002123243692145
-1.0002767363927623
-1.0003375972226525
-1.0005358604523236
-1.0005967203432828
-1.0001662027916527
-1.0002223807204302
-1.0002600627667073
-1.0007272596169496
-1.0004325203805524
-1.000415268323859
-1.0003837120084227
-1.0003999060905961
-1.0005751136090422
-1.0003947918858285
-1.000382053238709
-1.0005322893267983
-1.0002923154837402
-1.0005344932507163
-1.00032263850379
-1.0002427030255285
-1.0001911830282402
-1.0004245758480153
-1.0004013922759254
-1.0003886109245497
-1.000045143659936
-1.0002607781412396
-1.0006604178930385
-1.0002781686255051
-1.0005289450526749
-1.0003297089097105
-0.99960867340253
-1.0003941857361225
-1.000415299721933
-1.000303729654025
-1.0000985610698845
-1.000394044422281
-1.0005226714394222
-1.0004116901592317
-1.000444418242037
-0.9999459271002318
-1.000216790623875
-1.0002259400229856
-1.0003520864935964
-1.0007294928660864
-1.0004192477339977
-1.000329125376001
-1.0001271705250567
-1.0002522418624054
-1.0002072508810393
-1.0002524471090346
-1.0002408247642103
-1.0004210717442006
-1.0004551644960027
-1.0003815418268973
-1.000274051841049
-1.0002959156890032
-1.0006557810013574
-1.0006955894290142
-1.0001630589633037
-1.0002699904594463
-1.000413080251474
-1.0003182460542104
-1.0003569229000049
-1.0004564478889828
-1.000640506313176
-1.0004855353807218
-1.000126245719596
-1.000362308566492
-1.0002766053318561
-1.00041280491125
-1.0001870182763033
-1.000480559097065
-1.0004629030239194
-1.0004584511372694
-1.0002321970544485
-1.000460463872257
-1.0003254914425517
-1.0003351499779596
-1.0005758694815774
-1.0001620181009718
-1.0005663418263406
-1.0002177023726795
-1.0001864515500198
-1.0000848969193346
-1.0003659776926215
-1.000358318188204
-1.0003823831604794
-1.037380716633773
-1.000541696329276
-1.0004089160629914
-1.0002789198695043
-1.0001525886041276
-1.0003694582308653
-1.0002976011685512
-0.9995456757942707
-1.0004077930311173
-1.000216582214827
-1.0002564241978247
-1.0003821637969565
-1.0002636739740536
-1.0003619602824445
-1.000602175424461
-1.0005633082559569
-1.0003963690987925
-1.0002634510227821
-1.0001662027374572
-0.9998700760968036
-1.0002962649807352
-1.0002705234047997
-1.0007932623999751
-0.9998969095423282
-0.9999468075255604
-0.9999784164035366
-1.0004248275519323
-1.0003915124793559
-1.000241779629326
-1.000193179085887
-1.0002527653317181
-1.0004977965109987
-1.0002116659725688
-1.0002859613559
-1.0004743368584261
-1.00039340890092
-1.0004383195597883
-1.0001662047606672
-1.0001996302209981
-1.0004565219640758
-1.0000519704370798
-1.0003224993167106
-1.0004868100045283
-1.0004585077843167
-1.0001662047606672
-1.0002894221450371
-1.000295106004097
-1.0001521435756588
-1.0003578144872678
-1.0003898265743358
-1.000091945034368
-1.0003030613905426
-0.999947247085531
-1.000266110000913
-1.0000801444148748
-1.0003045578951162
-1.0004500918629577
-1.0003809312962226
-1.000151159138438
-1.000088586669416
-1.0004700031318805
-1.0003907306615654
-0.9999964278478839
-0.9991995460842628
-1.0003070606329505
-1.0002327539628504
-1.0003765613225295
-1.000246268444488
-1.0002278945614824
-1.0003146752812726
-0.9999766818137839
-1.0002080039766739
-1.0002999586254102
-1.000359201374121
-1.000528464592486
-1.0004662218240379
-0.99976298806029
-1.00036625230624
-1.0003975091645212
-1.0004765784148373
-1.000640282313792
-1.000382466524946
-1.000443107503475
-0.9996924385508036
-1.0001788579310449
-1.0002467703146714
-0.9995451846617555
-1.000064479171989
-1.0001882271877043
-1.0003512101766319
-1.0002395294387962
-1.0003338592799813
-1.0003127787244028
-1.0002511899888256
-1.0004270608115995
-0.9994774890788612
-1.0004099078211068
-1.000303523893296
-1.0003590160261844
-1.0003470822331606
-1.000002889012698
-1.0003473401166572
-1.0004269067130487
-1.0004556933161415
-1.0002159360690317
-1.0003200761809559
-1.0004646782750068
-1.0003375002717616
-1.000582016065763
-1.0002757596771996
-1.0001871364942039
-1.0002486128160712
-1.0004701646771406
-1.0003764531994885
-1.000294683384911
-1.0003194518156324
-0.999690949080291
-1.0003484487239733
-1.00017013107525
-1.0002858948985354
-1.0001507045098155
-1.000099741584291
-1.0006668023611143
-1.0003409765841929
-1.0000178145804406
-1.0001961220340037
-1.000219283520074
-1.0001823280507327
-1.0001822608058992
-1.0003458098051818
-1.0002099571598708
-1.000369236292387
-0.9995879046052606
-1.000478309141649
-1.0002800566267733
-0.9999934919324478
-1.0005837299558982
-1.0001403314995458
-1.0001780903484323
-1.0003524743288725
-1.0004306508172363
-1.0000061284296877
-1.0004260925014468
-1.000290320061807
-1.0006312280588296
-1.000122952540317
-1.0003844866646805
-1.0001368191111433
-1.0006652153922955
-1.0003242679788404
-1.0000158829953625
-1.0003162288601803
-1.000306578517662
-1.0004234048573089
-1.0004022749113561
-1.0006103000167428
-1.0004713149060733
-1.0001570915831786
-1.0003591938575833
-1.0003479234953638
-1.0003757944866793
-1.000357774619273
-1.0005761274912843
-0.9999270324043175
-1.000122939295422
-1.000335946412708
-1.0001749311604078
-1.0002838414809379
-1.0003799936270314
-1.0001933766927507
-1.0002849631837192
-1.0001797498614868
-1.000457639999114
-1.0001970919118022
-1.000354762537126
-1.0002537799809972
-1.0004068536086397
-1.0004171854945696
-1.0004436342115774
-1.00027322566344
-1.0003543904244259
-1.0004197204234417
-1.0000108160776997
-1.0001390164850728
-0.9999905286491084
-1.0001474694333785
-1.000376214483815
-1.0002612671709241
-1.0005663993046028
-1.0005000435370244
-1.000407432770055
-0.9997284682917696
-1.000653047017947
-1.000304871632412
-1.0003287296489747
-1.000073316438476
-1.000386109342724
-1.0003062607847517
-1.0007332046202881
-1.000604686363297
-1.0004223058511386
-1.0002246785044813
-1.0000712124849072
-1.0004699039339005
-1.0003341684494789
-1.0005756938986834
-1.0002507984207458
-1.0001243223062874
-1.0003846773203495
-1.0001823284383344
-1.0005429164961797
-1.0004617018377513
-1.000217549806784
-1.0004293016324837
-1.0003026655448575
-1.0004394398398933
-1.0002791484640767
-1.0002754109799596
-1.0001841497489399
-1.0002114807966358
-1.000268504722706
-1.0002768170503198
-1.0004133980137935
-1.000376908796837
-0.9998248091009372
-1.0005264475760773
-1.000221703451042
-1.000443065730056
-1.000573608026937
-1.0004078345815903
-1.0002027149537343
-1.0002236473777646
-1.0003467137224757
-0.9999906434605363
-0.999791633376434
-1.0005395331108806
-0.999847678159391
-1.0003071224302549
-1.0005051535575729
-0.9997490620050122
-1.0002917586741193
-0.9999773379683262
-1.0001895385836237
-1.000164640111704
-1.0004024586988334
-1.0001623971848388
-1.0006139922060373
-1.0002810919936738
-1.0001263088764163
-1.0001643913657077
-1.0002513066323129
-1.0004556984116335
-1.000437398111984
-1.0002106724667743
-1.0003162121512426
-1.0001829566202987
-1.000149216514588
-1.0003772460179285
-1.0002207472397537
-1.0002346635373085
-1.0000829016837693
-1.00018802832573
-1.0001662047606672
-1.000162430263733
-0.9998865636344517
-1.000318240030396
-1.0001464933301296
-1.0005374684952013
-1.0000951665518463
-1.000449168570328
-0.9999514485834337
-1.0001748675893785
-1.0003644639695803
-1.0003368144744655
-1.0002351586107388
-1.0002317949229398
-1.00020465684625
-1.0006717729459484
-1.0002995982136627
-1.000635257535127
-1.000421117050419
-1.0002481671903922
-1.0005271301416865
-1.000414766867625
-1.000511763074567
-1.0003259883889224
-1.0003655367383413
-1.0002552479109408
-1.0004567126304689
-1.000642360794131
-1.0000745359676426
-1.0007638410057258
-1.000218322078729
-1.000112446067508
-1.0003337763080955
-1.0003358498493262
-1.0003154313444838
-1.0005818223216547
-0.9995568151232601
-0.9999834912627295
