-1.0617063047885273
-1.0996896109009606
-0.9921228839025048
-1.0353772416283324
-1.0854923858644772
-1.0189380827465024
-1.0394898068511502
-0.9954380787514274
-1.068063031839111
-1.0120148149026291
-1.0978547253933206
-1.0098700790721746
-1.0850074689351858
-0.9477347026887049
-1.0252708692769823
-1.0857905682277855
-1.0611057350764324
-1.1380733578687015
-1.0516672946030403
-1.030733228160723
-0.9684852274096223
-1.0156102128007967
-0.941643270893493
-0.8938748773939625
-1.051012467999739
-1.0175807357699815
-1.0232996278399247
-1.067574126594865
-1.0381727687212845
-0.9449260815498884
-1.0018438843823534
-1.0058881974225193
-0.9830280144216508
-1.0269534074732225
-1.0358493303732632
-1.0098363509322845
-1.0811773201332673
-1.052689338866592
-1.0285279697229694
-1.1111691292377819
-1.0274268672376254
-1.0396949239752697
-1.0207571859363829
-1.063002399672853
-1.0144450279237762
-0.9704167179049726
-1.04896717805438
-1.0351813235661422
-1.0093407227887452
-1.1026528439848562
-1.0349734305673817
-1.0424024268423566
-1.038464706192967
-1.0426505241946036
-0.9891108494275866
-0.9918757210973209
-1.0590474977868278
-1.030302059924305
-1.0729418240112947
-0.99347721475324
-0.9998337127109272
-1.0337387965034788
-1.0364175404283045
-1.0353769142065024
-1.0497786244296727
-1.0149183227062837
-1.0257561499693761
-1.0910335880856161
-0.9977969381024627
-1.006481945831232
-1.0058476762990067
-1.0730887397545494
-1.0390793390757762
-0.9926772013854754
-1.0860435771619348
-1.0685888713459057
-1.0340494524605397
-1.0550704733182568
-1.0472139363817274
-1.1325299706848178
-1.0872172440878458
-1.104038405174573
-1.0251759019257325
-1.0204627985157835
-1.0055279013698835
-0.9714176291167486
-1.040040893751865
-1.0150774564050458
-0.9962702324607607
-1.0675445019269407
-1.0759700528579696
-1.130626982493197
-1.0216841603167295
-1.0251185028549137
-0.9747509752412867
-1.0399413167086236
-0.9619054876692282
-1.0196177704385836
-1.0124538367701166
-1.0575847543411165
-1.0245476420925368
-1.0115077977728677
-1.0297077135489339
-1.1140123348245003
-1.070698651206284
-1.0293845117974447
-1.0786016080706515
-1.0579450938170074
-1.0471626554425064
-0.9740821773134495
-1.0714655804680022
-1.0236657156564788
-1.1316450814245438
-1.0488975791050383
-1.011969583454575
-1.1488487071602154
-1.08967750835972
-1.1226288292559523
-1.0642558133164206
-1.0887383178873629
-1.0157638945453846
-1.1020701105905983
-1.0521052647704288
-1.0665348679821527
-1.0787674905776106
-1.0248632274866116
-1.0867349628290868
-1.1013888360137174
-1.0443689520497457
-1.083055233685675
-1.0695599324387683
-1.047471449417817
-1.0059055315199377
-0.9555068536770466
-1.1056109645811842
-1.0137497765773054
-1.0732572425941558
-1.082566348707203
-1.0775180714210966
-1.0777161167992921
-1.0959664170836416
-1.053487558980291
-1.0384630533073682
-1.023469006919444
-1.0963682004504376
-0.9597666051811474
-1.08539116476293
-1.0032348489343095
-1.0684177807425983
-1.0083574910638575
-1.056240057196732
-1.058550919473768
-0.9832930008188333
-1.0492103545398554
-0.9848804933593726
-1.0253753140757333
-1.0402380236047315
-1.067828445270251
-0.9948893373352823
-1.0421235887954237
-1.0899668221805123
-1.0346764551133263
-1.023335670489364
-1.0560229647974586
-1.0176800947659346
-1.0233991959247652
-1.0379631074849034
-0.991318876775315
-1.07506176629045
-1.0373680652065786
-1.0501194207897626
-1.0074462821875931
-1.0088515580987198
-1.0530921505590265
-1.0339986105709351
-1.0439646449990276
-0.9677987158706699
-1.065065894642525
-1.0528837287483168
-1.0441137443227566
-1.080647884266409
-1.0103199117780746
-1.0884655900414844
-1.0520862930580943
-0.94660215651738
-0.9910100679815286
-1.0106049668604395
-0.9967632469897006
-1.0250682737685421
-0.9997145750709722
-1.0813158972007169
-1.0735936788760903
-0.9792204904430718
-1.0117607389752106
-1.0179561340464889
-1.0750095049364525
-0.987375934259794
-1.0350357265412817
-1.0217628905716771
-1.0194341843275816
-1.010367796965307
-1.0808461455441707
-1.0237472301865864
-1.0749153414614565
-1.0447056760398334
-1.0530378514126542
-1.0392260317741093
-1.0339541320445504
-1.061151556295164
-1.057465116857856
-0.9395163248781594
-1.0134445039075177
-1.0181883709675934
-0.9803691781900117
-0.9940518717383952
-1.0525556209065623
-1.0839145279082936
-1.0078469526825153
-0.9944823624565678
-0.9743311913955494
-1.0944878196407426
-1.0846208911092856
-1.0402600501642283
-1.033899484651545
-1.0147694133951233
-1.0706644699324857
-1.0898103358998394
-1.0793809466552258
-1.0519839962577673
-1.0519839962577673
-0.9953471791434713
-1.0200975951901756
-1.0498093345673474
-1.0220266503016342
-0.9192043394842319
-0.9857440029264501
-0.9887233466299138
-1.0461458140705218
-1.0766208284290393
-1.0396053483406322
-1.014488987445521
-1.037713991794693
-1.042183663970331
-0.9984665098781407
-0.9819804101445596
-1.0041237775162153
-1.0011265039872552
-0.9930531712316567
-1.0058783062289223
-0.9661989888239412
-1.0651334624662316
-0.9621213994022321
-1.0350388567656084
-0.9823879546255978
-1.0145353139509772
-1.0087541680646148
-1.078023586433506
-0.984866503090347
-1.010107935574318
-1.0603000374155083
-1.0095851020969961
-1.0182092422230427
-1.0065848293981012
-0.9483801645644163
-1.0409702727914514
-1.0521437051541644
-1.0706990166973118
-1.0375741759138246
-1.0511970984576016
-1.0132664070260464
-1.0092045808849472
-1.02375183331729
-1.034056286020831
-1.0813358493393044
-1.037221522203673
-0.9881219949657762
-1.065239166046464
-0.9803810726423375
-1.0155271758694309
-1.0401615771666213
-0.9161847144907476
-1.066440464983001
-1.0328884235879237
-0.9503096122214558
-1.0652831845288795
-1.000055944529949
-1.0379368024557738
-1.081443488539196
-1.008532899531578
-0.9854913192244903
-1.008735970648419
-0.9980376323269337
-0.9519064966217573
-1.0649949872251994
-1.032436702290037
-1.0400493787419551
-0.990271225240343
-0.9737377391224638
-1.0320564099893175
-1.0001941367946134
-1.0483058434314847
-1.0366721258965033
-1.0017899703364277
-0.9974578092697454
-1.020301493416318
-1.0925060699586548
-1.0626409390338745
-1.090346515748845
-1.0617255494635423
-1.0707320260192352
-0.9576996289282258
-0.9488043130235961
-1.0422119846190845
-0.9952973596816853
-0.958708103914905
-0.9966253296298376
-0.9798118264870124
-1.002185985101665
-1.0064337010512627
-1.0027693606942618
-1.0358644243742443
-1.0940012649108302
-1.0065717246596053
-1.000637358839776
-1.0308747703901635
-0.9707012674002923
-0.9488404468829642
-0.9355835033147772
-1.0168186636371097
-1.05418740522839
-0.9563660368902228
-0.9653325497414259
-0.9961608819202197
-0.9961514727900235
-1.0167282950780057
-1.0049247744227259
-0.9925864972012429
-1.0628752177578629
-1.0219984343400768
-1.040271182279073
-1.0532132326092543
-1.0175834722518609
-1.0082299171316285
-0.9724681334235877
-0.9610808826378872
-0.9525522922968831
-0.9446152785111267
-0.9427262065462372
-0.9117587140542518
-1.0031022884445047
-0.9921401035351417
-0.9819886395423539
-1.025183836155632
-0.991366921142652
-0.995617516685137
-1.0099981215587013
-0.9499321272711618
-1.055765370569958
-1.062212636010499
-1.0173744869173666
-1.0410022949920887
-1.0201214745265856
-1.005511851119359
-0.981016820900053
-1.022478137129084
-1.0349130066374839
-1.0263216330363056
-0.9967342508590906
-1.0428954600507538
-0.7991310460207381
-0.9611464665541116
-1.0085771940327104
-1.0499705258344152
-1.031563735820903
-1.0330612469997051
-1.0093200227154766
-1.0268567606820471
-0.9563686412917025
-0.9727723210215881
-0.9955911241557167
-0.9878342821904776
-1.0074773430807453
-0.9626341220876258
-0.999287693452239
-0.9861055841443707
-0.9954667122008188
-1.0267509865968985
-1.0067132529522556
-1.0063685453786162
-1.0011352939937082
-1.00565575083094
-1.0092049692602605
-0.9738617947684707
-1.0183343607769773
-1.015960802882848
-1.049106478664784
-0.9402933542556455
-1.0223719993331808
-1.005316560960856
-1.079199146700876
-0.9939581810168872
-1.042944264384843
-1.0002223140355058
-0.9771037106247208
-1.0542233236591196
-1.0447871110113627
-1.035476819188563
-0.9863609981711023
-1.0415251120192666
-0.9982273894097224
-1.0342139552926013
-1.071320702641994
-1.0103560316952382
-0.9861427749774204
-1.0152699216262742
-1.0686725121574254
-1.0153382416003438
-0.9936186316541437
-1.0034006360593888
-1.0370284242118615
-1.0423547869728085
-1.0097344106829447
-0.9579312388449331
-1.0468131133677405
-1.030854458808673
-0.9780685257920175
-1.0004000572204808
-0.9824572640460713
-0.9837001900887973
-1.0302800845242832
-1.0206661975842706
-1.009847904511357
-0.9967716419219935
-1.0562121696163642
-1.1056826979086676
-1.0424009744654226
-1.0502475598148755
-1.003298550783912
-1.0492554078558767
-1.032095011693059
-1.0801356654841237
-1.1151986389369228
-1.0674687443604558
-1.0210724799181752
-1.0446455263178451
-1.0256553681900664
-0.9522732797598905
-1.0256557379560756
-1.0411804295578277
-0.9185380887026703
-0.9982430484977763
-1.0084161120774482
-0.9952895331958919
-1.0489913988515722
-0.985045948020897
-1.1287924909282072
-0.9925913926821345
-0.9884519624569175
-1.0537799238090417
-1.0633048522129123
-1.0079545258898481
-1.0846991438995297
-1.089800657598595
-1.0568421086442514
-1.0308232876264616
-1.0341581127123387
-1.0111680034680486
-1.0457635481468601
-1.0444455631651823
-1.0158321534973451
-1.0639618603582117
-1.0793756472403555
-1.049115013513847
-1.0896706302557946
-1.0273959020393835
-1.0368646944145958
-1.0322118315266793
-1.072409506407559
-1.0141125792310457
-1.0422590586318354
-1.0186778554872085
-1.0441311938601077
-1.011209455490711
-1.0125855398377643
-1.0643628168275876
-1.0413945733121979
-1.0534501612455502
-0.9948403591537641
-0.9869944516563423
-1.0279082565617292
-0.9873242178118709
-1.0043046364366117
-0.9465899023720286
-1.024310879221936
-0.9939207384323123
-1.0307053331963387
-1.0245272906413025
-1.0892908677192135
-0.9431177453708581
-1.0700962953964064
-1.044488735916748
-1.0213835216594118
-1.0170965486749968
-1.0162128256834189
-1.0572635156131895
-1.0537260274060005
-1.0873259988798112
-1.1268933133765375
-0.9564920094406568
-1.02027515629582
-0.9945159973971274
-1.0332084156600847
-1.0663575832717376
-0.9778731851218053
-0.9638313187596995
-0.996205744106733
-0.9876567542466247
-1.0176205678006274
-1.0243014472688885
-1.0430570487854331
-1.04372551611819
-1.0134221055768484
-1.0162039506632328
-0.9854450829816785
-1.0441934307562986
-1.032639348536536
-1.0119698525557326
-1.0525631935023392
-1.0002978558023523
-1.0492862773425455
-0.9476336925670193
-1.0633773830406907
-1.043616651927859
-1.0829962144809695
-1.0109080729616982
-0.9629095080997215
-1.0276484684011438
-1.022991661203604
-1.071154505829726
-1.0442593334252106
-1.077900321667101
-1.0889597322156563
-1.1109650448329975
-1.0720263537318093
-1.0487831918002375
-1.0214575456511397
-1.0150934038098174
-1.0608519455724499
-0.9809222814114276
-1.0267052841453717
-1.0720372653978942
-1.0038536741984427
-1.0109325681258658
-0.9998976267874263
-1.0487532361794625
-1.0611065540966398
-1.08918845684908
-1.0066806381274591
-1.0140050275152652
-1.0265191074104607
-1.0582414253291121
-1.0523205006179164
-0.9622392779807931
-1.0348600383384219
-0.9215742578175989
-0.984362865589015
-0.9820246477269895
-1.053252139110994
-0.9825040110469276
-1.0556170665465636
-0.9719140438835687
-1.0513272408536753
-1.0446829414420336
-1.0274359325113889
-1.021292849509279
-1.0073377249951596
-1.0336963382231787
-1.0863414204015431
-0.9936494914154683
-0.9384737003377807
-0.9507743871886679
-1.027699602908396
-1.0332039384327145
-0.9883950628561482
-1.0054739805077124
-0.9739668104814341
-0.9989036557132139
-1.112039070206976
-0.9896173169356179
-0.9835743095568636
-1.094196558711816
-1.058319950626322
-1.0458281664865896
-1.039157997743712
-1.059263847671184
-1.0247717854248741
-1.0315787971427013
-0.9851743654041615
-0.9939380491765187
-0.9585485883789018
-1.0284207017529847
-1.0696642002072037
-1.0313779305243371
-0.9588870558188992
-1.080944711482068
-0.9577949624792459
-1.0452159570236197
-1.0672999310706925
-1.0404129128004729
-1.045151719473827
-0.9922085914249943
-0.9900235439836529
-0.9663193121199722
-1.0759029800414148
-0.9963979319838654
-1.0196472532759002
-1.0906475816132484
-1.0277450549681246
-1.0285658089798693
-1.09117170368923
-1.0785331092537667
-0.9910742119346935
-0.9423515419497396
-1.0286449491698826
-1.0096421070506547
-1.1050927289206691
-0.9595608646375928
-0.9968579189605515
-1.0410769668643436
-1.034035947487045
-1.0183058295491314
-0.965318325842697
-1.0210967041433392
-1.032748218861122
-1.0703889602423073
-1.005547096334758
-1.0193055398882587
-1.0148409022233915
-1.048731990633368
-1.0487571614581346
-1.04808615795473
-1.095872324034819
-1.0061082779771708
-0.9784876235780973
-0.9765724029198362
-0.9674459201164806
-0.9981313075280934
-1.045735606790334
-0.9857733481210553
-1.0129164134024278
-1.0602456903389252
-1.0915845560168196
-1.016838567770217
-1.0095286369615124
-1.0802926702511462
-1.0224777465964934
-1.0396440985251236
-1.043857673662143
-1.0620743054590112
-1.0056450004740292
-0.9166793950414143
-1.0080271806403807
-1.0367303657636167
-1.0879128531858688
-1.039904881204941
-1.0041589545508391
-1.045158912553219
-0.9802558104852738
-0.9616244242038546
-1.0481226342740153
-1.0077847277378424
-0.9918857157251948
-0.9916838186763157
-1.060485829110808
-0.9991113839033064
-0.9968414642743179
-1.0025902254936643
-1.041761202758448
-1.0417477258590506
-1.0115483657845563
-1.0210436962375788
-1.0671157115426677
-1.0502599078653856
-1.0222183393270412
-1.0964382706281808
-1.0490553615082088
-1.0397689229434897
-1.0956807250115639
-1.0159657595318348
-1.0300136977649414
-1.0836082050812945
-0.917001138870027
-1.0545458435229396
-0.9852644669027976
-1.0460289090601784
-1.0264169578579465
-1.0378892071037291
-1.0292618798458335
-1.056665115205817
-1.0598763759980658
-1.0264979940288983
-1.019010644738147
-1.0706790648046711
-1.0286000350078466
-0.972352089177809
-1.1090748411607416
-1.0706113082764663
-0.9996966004189124
-1.0237075030775453
-1.0728695634600136
-0.9835239548196218
-1.0663101992288704
-0.983077734862804
-1.1076499955682126
-1.0142938444271752
-1.0547170977282914
-1.0297912755976328
-1.1195996567391626
-1.0416480476288814
-1.0830136209729626
-1.0668487144528256
-1.04566711487144
-1.0880995580369182
-1.0227219552145488
-1.047286251735697
-1.0920839988811166
-1.0016920714753688
-1.057547315362315
-1.0481474760469425
-1.0818029629344457
-1.0975467843168485
-0.9420192891784919
-1.0646136863652216
-0.9980937904402152
-1.0194346142054447
-1.0304056359153249
-0.9789550207454213
-0.9747698958436799
-0.9711140672883707
-1.0239459883145585
-0.9742001559925735
-1.0010210360333083
-1.0352692075142094
-1.0240046306204873
-1.0679750654963818
-1.0452199957878698
-1.088995132246436
-1.0696159896117199
-1.0718188690295891
-1.0346534663117897
-1.0763254027839082
-1.0508253357997175
-1.0695811557223736
-1.0942504171296148
-1.0796260092466294
-1.0681854263264197
-1.0407691946085063
-1.025149273296768
-0.9906440539993799
-1.0763347672280932
-1.023468758966902
-1.0448557185608545
-1.02780477837885
-0.9380382896336715
-0.9869322638196896
-1.1044046227806539
-0.9996949399415088
-0.9707779518212566
-1.0495878134259407
-1.094862853049921
-1.0142157333974133
-1.012867161452149
-1.0115162782507667
-0.9446172459737063
-1.0409293305328782
-0.9756785308426131
-1.0258824876782247
-1.0479324189344523
-1.014323960652516
-0.9991054919166594
-0.946879277929253
-1.0169098069397657
-1.0759328380222866
-1.0401433527121593
-1.0474940988980017
-0.9388125440764111
-0.9496141009188099
-0.9782413480668132
-1.041088648867949
-1.016902602077092
-1.0073304498387143
-0.9672480694758449
-1.026568262344199
-1.0181983081330293
-1.071474447729129
-1.0132309558373964
-0.9726666915095324
-1.0129262546728626
-1.0031753596833188
-1.0143738657829884
-0.9739571772178119
-1.0162929253316153
-1.0838232792967197
-0.979860639134669
-0.9641946106917197
-0.9920800909865277
-1.0695927660462201
-1.1153513406206856
-1.0595039038683247
-0.9945554426050146
-1.0124926420817524
-0.9878130743266343
-1.023113112679714
-1.0807975307414548
-1.041378192126686
-1.0175599176903831
-0.9726596783442206
-1.0151887533003259
-0.9850092035739761
-0.9731807848822471
-0.9822736303019125
-1.0314700300271364
-1.0182166966621926
-0.9887579925484945
-0.9836140290194147
-0.9925294934482934
-0.9523523698449726
-1.075662297243647
-0.975697627399316
-0.9890099904899384
-0.9355271705392176
-0.9985622161924625
-1.0334896183668052
-1.0416349026900142
-1.0537751536956144
-1.0062097079851304
-0.9917136598694618
-1.0164561496204572
-1.041460161421234
-1.041738753249752
-1.1204038190482537
-1.0327338022535442
-1.0653530590193694
-1.0676386914843308
-1.0548202110642875
-1.0101557896023767
-1.0240913208074547
-1.0655346537985868
-1.0865998771364538
-1.0430116245153225
-1.0085960944404273
-0.989141837359851
-1.0289748443906195
-1.0197330875283077
-1.0579595393966963
-0.9778865999788966
-1.0227480650282188
-0.9800303805854023
-0.9964009756030459
-1.0651870189343629
-0.9997703241486041
-1.0092422739758729
-1.0296627433384749
-1.0612779853944834
-0.9739225108826896
-1.0415918065621765
-1.0372972731442753
-1.0593497661811095
-1.0234658078181056
-1.022705661956941
-1.035152764619695
-0.996928122695176
-1.086692880121325
-1.095108716909479
-1.0216666502181015
-1.0492879643864574
-0.9727536312349313
-1.0387965038549085
-0.9548492866455858
-1.0467677460181406
-1.0073085336516336
-0.9577376871347889
-0.9647956443659456
-0.9680228851403252
-1.0441093988829673
-0.9729044724352648
-0.944267951179156
-1.0001723642521738
-1.0269646497102336
-1.0768602283772901
-1.0867745896877297
-1.0185297660100718
-0.9869658572942538
-0.963322766019784
-1.048163873229694
-0.9835586389489588
-0.9835586389489588
-0.9380476096237493
-1.0300105452030983
-1.0076812571258302
-0.9954586475747865
-0.9830561749399654
-0.9669611729911528
-1.0602573384527685
-0.9877478920460361
-1.0260423259880707
-0.9907380545839758
-0.9502685040273471
-1.0241901839308776
-1.039015634486789
-1.0597074984848485
-1.0427871965075655
-0.9910606874828152
-1.0930075690845507
-1.0915994208084565
-1.0325933819033604
-1.0343057907515072
-1.0296290652106046
-1.0116104237034
-0.9964390667534386
-1.1077468957394578
-0.9766560761883167
-0.9807318032415369
-1.0723371813764055
-0.9821775453316939
-0.9715956536895407
-1.009043761569622
-0.9893147104444499
-1.0490656076182436
-1.0609559970627653
-1.0729470900767457
-1.026930119109359
-0.9779231227552307
-1.0010048996003462
-1.0412704832518944
-0.9565766015025995
-0.9843162872592197
-1.0106226204506839
-0.9963308250742797
-0.969009801681317
-1.0326653503876457
-1.003066749618498
-1.0425855730261993
-0.9762479515073241
-0.9261842489360281
-0.9662956418609956
-1.0035685616913268
-0.9592595397086132
-1.006880567146585
-1.042279928829731
-1.1037544324739677
-1.0335124465230974
-0.9289843343976669
-1.0096027770580522
-1.0225940033013734
-1.1081660630125754
-1.0269463813952435
-1.0240997495544963
-1.115839968512466
-1.0195185484833669
-0.9815612668038793
-1.0781888679267615
-1.0305259132142575
-1.0032859612983454
-1.0547189964477683
-0.9795374903042066
-0.999437263508051
-1.052438197584899
-0.9903532200419964
-1.0257866904840487
-1.004115452632004
-1.0650770931059048
-0.970874387588964
-1.0201145720225795
-0.9810920928487528
-0.9873979275871566
-1.0060664046766818
-1.0024643569884923
-1.0001876776814314
-1.0535011343931155
-1.005666586083262
-1.0316232475400793
-1.028009829803955
-1.0103846478686174
-1.0783340395785301
-0.9974131573031202
-1.0522233544593478
-1.0616418063387736
-1.1144291631606578
-1.0706532272901654
-1.0504393779758092
-1.0374128354630439
-1.0940729624370904
-1.009980340618255
-1.0187213626987712
-1.0726613752466774
-1.1203195523113145
-1.0385776331671632
-1.0053640598438736
-1.0873845220004859
-1.1344697823878958
-1.061317216485632
-1.064732658684893
-1.050534594047377
-1.0455118928078613
-1.073927420401348
-1.0350581955669569
-1.0500460196407504
-1.0842170659766515
-1.0344487703583043
-1.090751972891617
-0.9333376871132897
-1.0662750067285385
-1.041998415571394
-1.0454878511840193
-1.0440189978038528
-1.0612321640133895
-1.068935439401364
-1.0017825011851809
-0.9603946472514368
-1.0377034738924062
-1.0067343774986441
-0.9938031263609288
-1.0223004673965765
-0.8905983456876461
-1.0272547402925771
-1.0058306429513768
-1.0328730352211322
-0.9882264737797414
-1.0240968590682415
-1.0466506875880675
-1.0098880511832602
-1.02644333412022
-1.0705794873107681
-1.0350186103279901
-1.0342909729515295
-1.029885054720359
-1.0130901859618069
-1.062683843915866
-1.0115532140274563
-0.9843708950612198
-0.9423402661828499
-1.0445264320250338
-0.976223674182168
-1.0197763234712198
-1.0416578834187868
-0.9659333209919182
-1.0454531574646577
-1.075858673619499
-0.9735215782535417
-1.0181287964328503
-1.0609224353497428
-1.0494350855403267
-1.0203925916214738
-1.0057910863278734
-1.061695988885391
-1.1397607580887168
-1.0263568402253942
-1.0757575546463487
-1.0542922687669214
-1.0728810850763197
-1.052150637852137
-1.0709899636336493
-1.0028203267326892
-1.061927022823368
-0.9772084559828497
-1.0694344535931877
-1.055910534519779
-1.0884499094169466
-1.047965584248653
-1.0701941481282107
-1.0796484031981368
-1.0594463821375206
-1.0873362761933554
-1.0266442910614055
-1.0106984669152657
-1.0458656321654067
-1.0182216980991776
-0.98947921040775
-1.0320142089492979
-0.980593326758545
-1.0114356483271632
-1.035454170753359
-1.0223636136447034
-1.0520588012904024
-1.0801063381790226
-0.997214820761049
-1.0584447258539544
-1.0266732950334796
-0.993213400700884
-1.0237833946203487
-1.0111363586882778
-1.0756197813817066
-0.9989383033652783
-0.9902607745825122
-0.9148176915210867
-0.9940265624704913
-1.043689799168734
-1.0228248070172468
-1.0995994685833632
-1.0537683550612056
-1.049002551745954
-1.0812143624370014
-1.066741402365079
-1.0221738641527072
-1.0247914707460377
-1.0261738603824409
-1.0328735355639935
-1.0457769156395105
-0.9667266266656651
-1.064781295475734
-0.9403912035295838
-1.034714632317233
-1.057443645870897
-1.0900773644018473
-1.0301444362027579
-0.9845689805804319
-0.9748379527900105
-1.06005607373968
-0.9473688854918159
-0.9834108334037974
-0.9927414957219425
-1.0173153438949458
-1.0201748533283292
-1.0668109328733384
-1.000002167049645
-0.9978406516228845
-0.9836273543415851
-1.0308820879831646
-1.007360021957599
-1.0204910918645513
-1.000466147492931
-1.0637766079722533
-1.0637766079722533
-1.0355560701341262
-1.0597941191469
-1.0893961421273681
-0.9940731263873543
-1.0456882907263503
-1.0772736512614196
-1.0594669540761437
-1.02472237388681
-1.0531918106522462
-1.0404253428794905
-1.0477680897092014
-1.0386652312085953
-0.9962624265518739
-0.9872660771159857
-1.0416988791247759
-1.0136343764193216
-1.062253559995571
-1.0401969713511257
-1.00556369762314
-0.984188061366942
-1.001943675656522
-1.0016347077666792
-0.9634990186149791
-1.0043513979069263
-0.9988621018824475
-0.9893560257714554
-0.946525297613972
-1.0393058905398949
-1.0207155249177835
-0.9901476138626202
-0.9690727766526919
-0.9757050416563752
-0.9778280454103678
-1.0022796739740873
-0.9784215887407038
-1.0070682925710401
-1.0860523613029396
-1.006662052119096
-0.9362933950589987
-1.0015541903400567
-1.0712100397177562
-1.0229225325116722
-1.0584597934285234
-1.0249540424753512
-1.0527170488309758
-1.0632892593195395
-0.9760722203410782
-1.083826186491505
-1.036462253434058
-1.038843415964593
-1.0428841659048347
-1.0420746551576827
-1.086792701844277
-1.008353984351806
-1.033478716199167
-1.0270215133978078
-1.0543936386666202
-1.0203321504638716
-1.0363690405668278
-1.0230425381679373
-1.0242210387832267
-1.015702590294818
-0.9968252642176587
-0.9546662617953563
-1.1139153172435925
-1.0130780062549487
-0.9940534199448355
-1.0088966585694243
-1.0457032913574351
-1.0068261653693464
-1.0562111817072928
-1.004318702369277
-0.9924534583281408
-0.9864122698375195
-0.975552540701215
-1.0504862738774954
-1.097802966360791
-1.0358562590547837
-1.0349614972110364
-1.083601567471126
-1.0022548144559313
-0.9766579333883951
-0.9878483845670213
-1.0134847160800444
-1.0295158962599142
-0.9795282669864585
-0.9965693966894675
-1.0807460348449514
-0.9895396290180652
-1.00323845375878
-0.9802829088913267
-1.0429440629289914
-1.0728215852484624
-1.0000277768227053
-1.0154947623451558
-1.0261396262946447
-1.0391965120819913
-1.042541862335312
-1.0801407558133431
-1.0784088465147903
-1.0581624989581409
-1.0253146761562673
-1.086225751746671
-1.038655849101695
-1.0547255276349237
-1.0173887564554374
-1.0061348157747956
-0.9834467899786458
-0.97814841050303
-1.0487025255651479
-1.0189243565032826
-1.0829494950607597
-1.0348565936441005
-0.9631322281707619
-0.995142133335775
-1.0558935736310644
-1.0019188383803157
-1.0135880636974774
-1.0277957242906877
-1.0240582701324192
-0.9966908261096397
-0.9730474570890578
-1.065521857565711
-1.1016674098589658
-0.991264471836159
-1.0239659103437189
-0.9783946401127748
-0.9845053802475513
-1.0528877364793856
-1.0270225036621294
-1.019298125057373
-1.026470920616867
-1.010824026239643
-0.9934949737302057
-1.031457201174561
-0.9764779045029035
-1.0157419721396448
-0.9973763125129198
-1.042850057347946
-1.0470556271969949
-1.0356135227684253
-1.0367672855267713
-1.085533942665172
-1.1225450217724133
-1.086055810039389
-1.0203551402782658
-1.068255938118341
-1.025993135576415
-1.0344667308435707
-1.0081342418564958
-0.9774232071194184
-0.9887278445479365
-1.0729541039051829
-1.0423458006732664
-1.0432371395633964
-1.0245531750811627
-0.983600134842562
-1.0016535303893483
-1.1028022993106537
-1.0269079199019948
-1.0477157898682044
-0.9572883576003743
-1.0235777295308028
-1.0519940133255625
-0.9745578170342996
-0.9691194204992591
-1.0232403806373074
-1.0700084433868602
-1.02097394988134
-0.9936905353239124
-1.0379370414289597
-1.0273204507336031
-1.031290160393648
-1.0368547828718144
-1.0720814589543792
-1.0555862475693158
-1.0708451684932232
-1.080079846004797
-1.1220456878103178
-1.057608057352292
-1.0616428737491512
-1.1350049209447914
-1.06546424013818
-1.0864191872712765
-1.1062768321091652
-1.0876601104531713
-0.9836128255446513
-1.0386120247121928
-1.0434118720983738
-1.0470070075568279
-1.0606721880438652
-1.063817868842027
-0.9996455479646227
-1.0737163728863128
-1.044017804790243
-1.0112984781386798
-1.0686079551728351
-1.0365173593014743
-1.0068656205057795
-1.0251502625199258
-0.9986405134257946
-1.0191504874294286
-0.9985761660832033
-0.9986291648579689
-1.0006293747731396
-0.9397722683143757
-1.0783731917313344
-1.0455972815535808
-1.0281278872650184
-0.998099932078857
-1.0440872696057744
-0.9840470165317066
-0.966184163443378
-1.0875127196682648
-0.9994786011834013
-1.043075995443517
-1.0316838723716923
-1.0695233115109168
-1.0316588181119812
-1.0631024685345616
-1.0787952596059305
-1.0968602755821975
-1.020159852465983
-1.0840693430355164
-1.085060630999481
-1.041407266733354
-1.0149416468937087
-1.025891194801893
-1.0576913467430349
-1.0525551322794093
-0.9913289027794405
-1.0623344052652364
-1.0388382196655384
-1.0352058512676203
-0.98525453832658
-1.008142188739223
-1.074411884894683
-0.9699421814631825
-1.0562761983512772
-1.0658701237086006
-0.9641461561371054
-1.053340424767891
-1.0341249414559677
-1.058698005660731
-1.0346559165189504
-1.016768423096567
-0.9339877975294604
-0.994566182275787
-1.0560257292308042
-1.0863506275329073
-1.005715818363484
-1.0274473167322231
-0.9894775331431652
-1.1203014318677096
-1.0217644768581566
-0.9749214100457897
-0.9773489255475935
-1.0371199621729486
-1.0316893832070004
-0.9682455457277752
-1.0303504761650377
-0.99491397238276
-0.9841686865366059
-0.9965962396241776
-1.070271378557738
-0.9914720023821477
-0.9361473752833949
-0.9873534890124249
-1.004843359184043
-1.0075067402162796
-1.0236601229660525
-1.029436491369315
-1.034127170528223
-1.0627912866386326
-1.0564834668134517
-1.0848510664018425
-1.041216430679952
-1.0665636073994487
-1.038482381213016
-1.0525535737890312
-1.0458439855227357
-1.0502986982702693
-1.0144629470863804
-1.074582380048827
-1.033724546040013
-1.059067051510652
-1.0359182403588945
-1.0001087876365435
-1.00794650546856
-1.0784720371454561
-1.0777119619958222
-1.0488612985391328
-1.0764707732634053
-1.0351633536084952
-1.0318620563815237
-1.002055638400382
-1.0899222871799281
-1.0854815138704184
-1.009816733542113
-1.0647822372055475
-0.9820852651063768
-1.0113098459303798
-1.0391692185811072
-1.0143670720871034
-1.022267843606226
-1.0117637375946686
-1.0901916170832857
-1.082026686346122
-1.034797823404215
-0.9950386188348158
-0.9936202494631392
-1.0330045043770624
-1.0343876418910418
-1.0100594380518855
-0.9634675964334082
-1.0114496696664457
-0.9829852586107687
-0.993140153805777
-1.002420596372461
-0.9751584115371822
-1.0796135679343846
-1.071677001423426
-1.0044535256125444
-1.031704294391182
-1.0138394220359435
-1.0126317658633353
-1.0139820763296536
-1.0146081571428358
-1.008350207311701
-0.9908484889555974
-0.9983750336329428
-1.0592079415985303
-1.0340773323614474
-1.0436841682262035
-0.9804596949478103
-1.0397620137708863
-0.9994844608883485
-1.0332925106024842
-0.9471061666740817
-0.9959657947068088
-1.0709669194974312
-1.0303998135789567
-0.9626123739993
-1.0593558713791844
-1.0172090089200165
-1.1212461072786384
-1.0694549958646786
-1.035946466186923
-1.0177003015670487
-1.0160000896270502
-0.9836721053490637
-1.0696129679580622
-0.9716143993190937
-1.0479029218104645
-1.0278240294431689
-0.9985390008540472
-0.9917473677078159
-1.0245252526625777
-1.0456496363091823
-1.0245945894326631
-0.9916581017695194
-1.0347620313279016
-1.0497184326189437
-1.0321912028622833
-0.9690652334201281
-1.044053152408912
-0.9912761005088866
-1.0480024674579576
-1.0146569654745465
-1.0433994374564564
-0.9802597215868945
-1.0223692024907451
-0.9600710824680627
-0.9813593308938904
-1.0661400950955775
-1.051693959746789
-1.0996901923961628
-1.062188476420882
-1.0541343493366973
-1.0813608429111923
-1.0783548863787629
-1.0407311648636948
-1.0980911430415667
-1.00368689381436
-0.9935208720431656
-1.025300696030956
-1.0124659024700717
-1.0448979250022956
-1.063340257398659
-1.0688917273934198
-1.02659309184046
-1.0192506256043812
-1.0018924268957643
-1.0535233248976703
-1.0542572096217355
-1.0111734899121139
-1.0787467040027225
-0.9993237725868006
-1.0991663088312702
-0.9992135814941994
-1.0398602969147435
-1.0043326277044482
-1.0266721308811226
-1.0757367748753852
-1.0948032594893382
-1.101480859758187
-1.0449856387543246
-1.0768782756696669
-1.0523311315565615
-1.0332362661295376
-1.018522708267738
-1.0081454258318037
-1.0470566378137507
-1.0280045972912109
-0.9428782527490819
-1.0276659514086883
-1.066056634382619
-0.9722927465753034
-0.9833872962094282
-1.00277809907551
-1.0415325500659083
-1.0111998821620538
-1.0306580165479682
-1.0317464996704055
-1.0702405415613025
-0.9852982682996466
-1.0464156342712965
-0.9831545326442631
-1.0537736445724428
-1.0655096629764684
-1.0730224244772697
-0.9998433766445802
-1.040633976274878
-0.9861254854288566
-1.0029155998328276
-1.0526744275406534
-0.9956890210981243
-0.9797611044861924
-1.0008346837136806
-1.0187077934569337
-1.019387725693772
-1.0688139236120513
-1.0062957468677478
-1.0087622809614856
-1.0196042852136498
-0.986780887620613
-0.9715725776231706
-1.0667395064152818
-1.023359132195854
-0.9938765562193979
-0.9819091306767049
-0.9848333854880573
-1.0960971189120685
-1.035440943481404
-1.0103950472282337
-1.003851964939969
-1.0120414676833935
-0.9641371244502347
-0.9873114779664545
-1.0254789897224885
-1.0236758995114434
-1.0778781918084626
-0.99028730441577
-1.0231992320584067
-0.941067123338587
-0.9943375426509012
-1.0621344231891505
-1.1035286559763848
-0.9839690011013447
-1.0391086906160623
-1.0103823927269069
-0.9351089360953684
-0.9618800070749114
-1.0109148102383698
-1.0114947236084673
-1.000385795313424
-0.9906548289050687
-1.0340996991166802
-0.9893509063973112
-0.9810008063664828
-1.045274718147898
-1.0960828824603608
-1.0279741330375887
-1.0615294505143578
-0.9642414107110784
-1.0217183740824702
-0.979613885134001
-1.092301316846391
-1.0479518413154465
-1.0221521289436333
-1.0806500868206577
-0.9019818441929348
-1.0785074164076247
-0.9994648677583706
-0.9765690002467204
-1.1227064791370398
-0.9473248234626193
-1.0120055711611693
-0.9931825968761696
-1.0547115398787357
-1.0118219876939096
-1.0219358724064818
-0.9919363300567253
-1.1159407465197217
-1.0459183863592396
-1.0315156962533123
-1.0351281093378466
-1.011537511465838
-1.0026925230743178
-1.0841349380469336
-0.9821925075049068
-0.9717781163663156
-0.9812296438236128
-1.017607494563797
-0.9660525729047691
-1.017314731093734
-1.043782423720894
-1.0190723399175408
-0.9840163833699674
-1.0917411855312813
-1.0929899607167841
-1.0218985743884277
-1.0232001068380767
-1.036263190962836
-1.0429416692375364
-0.9761315742814347
-1.031046440415063
-1.0520069485277759
-1.109394984893032
-0.9985646013199112
-1.0241643099566708
-1.014970717503798
-1.0616267483829436
-1.0199201063156202
-1.0410753192618016
-0.9862155657368834
-1.0325307182466528
-1.0558718210254852
-0.955357289837234
-1.0204270011505387
-0.9966569125274197
-0.9947038948421373
-1.0004024532491727
-0.9479507401356962
-1.030862137995277
-1.132820401184921
-1.017060138401484
-1.0484006398776562
-1.0789218322697882
-1.0340638104719093
-0.9874238177946183
-1.041313842133038
-1.0251976717638285
-1.1055268640036482
-1.0542255622779426
-1.0044938221098385
-1.0669283136292593
-1.0770461613606135
-1.0692420620362328
-1.0926010545259512
-0.9736801703813663
-1.0102562607065142
-1.0354915960038165
-1.0586530618167767
-1.0682786974378313
